========================================
Node: d4055
GPU: NVIDIA H200 
Chunk: 0
Start: 2026-03-04 17:31:07
========================================

Features in this chunk:
item01_chunk_rope	--use-chunk-rope
item06_fused_ce	--use-fused-ce
item10a_param_rmsnorm	--use-param-rmsnorm
item10b_proj_scalars	--use-proj-scalars

========================================
 Running BASELINE on d4055
========================================
Using local overrides from: /projects/Sontag_Lab_Storage/nanochat/attempts/ablation
============================================================
 Ablation: chunk_0_baseline
 Depth:    12
 GPUs:     1
 Output:   /projects/Sontag_Lab_Storage/nanochat/attempts/ablation/ablations/chunk_0_baseline
 Extra:    <none>
============================================================
Downloading 9 shards using 4 workers...
Target directory: /projects/Sontag_Lab_Storage/.cache/nanochat/base_data_climbmix

Skipping /projects/Sontag_Lab_Storage/.cache/nanochat/base_data_climbmix/shard_00000.parquet (already exists)
Skipping /projects/Sontag_Lab_Storage/.cache/nanochat/base_data_climbmix/shard_00004.parquet (already exists)
Skipping /projects/Sontag_Lab_Storage/.cache/nanochat/base_data_climbmix/shard_00007.parquet (already exists)
Skipping /projects/Sontag_Lab_Storage/.cache/nanochat/base_data_climbmix/shard_00001.parquet (already exists)
Skipping /projects/Sontag_Lab_Storage/.cache/nanochat/base_data_climbmix/shard_00006.parquet (already exists)
Skipping /projects/Sontag_Lab_Storage/.cache/nanochat/base_data_climbmix/shard_00003.parquet (already exists)
Done! Downloaded: 9/9 shards to /projects/Sontag_Lab_Storage/.cache/nanochat/base_data_climbmix
