========================================
Node: d4055
GPU: NVIDIA H200 
Chunk: 2
Start: 2026-03-04 17:22:09
========================================

Features in this chunk:
item18b_partial_key_offset	--use-partial-key-offset
item19_bigram	--bigram-vocab-multiplier 3
item20_unet_skip	--use-unet-skip
item25_fused_mlp	--use-fused-mlp

========================================
 Running BASELINE on d4055
========================================
Using local overrides from: /projects/Sontag_Lab_Storage/nanochat/attempts/ablation
============================================================
 Ablation: chunk_2_baseline
 Depth:    12
 GPUs:     1
 Output:   /projects/Sontag_Lab_Storage/nanochat/attempts/ablation/ablations/chunk_2_baseline
 Extra:    <none>
============================================================
Downloading 9 shards using 4 workers...
Target directory: /projects/Sontag_Lab_Storage/.cache/nanochat/base_data_climbmix

Skipping /projects/Sontag_Lab_Storage/.cache/nanochat/base_data_climbmix/shard_00002.parquet (already exists)
Skipping /projects/Sontag_Lab_Storage/.cache/nanochat/base_data_climbmix/shard_00006.parquet (already exists)
Skipping /projects/Sontag_Lab_Storage/.cache/nanochat/base_data_climbmix/shard_00001.parquet (already exists)
Skipping /projects/Sontag_Lab_Storage/.cache/nanochat/base_data_climbmix/shard_00004.parquet (already exists)
Skipping /projects/Sontag_Lab_Storage/.cache/nanochat/base_data_climbmix/shard_06542.parquet (already exists)
Skipping /projects/Sontag_Lab_Storage/.cache/nanochat/base_data_climbmix/shard_00000.parquet (already exists)
Skipping /projects/Sontag_Lab_Storage/.cache/nanochat/base_data_climbmix/shard_00005.parquet (already exists)
Skipping /projects/Sontag_Lab_Storage/.cache/nanochat/base_data_climbmix/shard_00003.parquet (already exists)
Skipping /projects/Sontag_Lab_Storage/.cache/nanochat/base_data_climbmix/shard_00007.parquet (already exists)
Done! Downloaded: 9/9 shards to /projects/Sontag_Lab_Storage/.cache/nanochat/base_data_climbmix

                                                       █████                █████
                                                      ░░███                ░░███
     ████████    ██████   ████████    ██████   ██████  ░███████    ██████  ███████
    ░░███░░███  ░░░░░███ ░░███░░███  ███░░███ ███░░███ ░███░░███  ░░░░░███░░░███░
     ░███ ░███   ███████  ░███ ░███ ░███ ░███░███ ░░░  ░███ ░███   ███████  ░███
     ░███ ░███  ███░░███  ░███ ░███ ░███ ░███░███  ███ ░███ ░███  ███░░███  ░███ ███
     ████ █████░░████████ ████ █████░░██████ ░░██████  ████ █████░░███████  ░░█████
    ░░░░ ░░░░░  ░░░░░░░░ ░░░░ ░░░░░  ░░░░░░   ░░░░░░  ░░░░ ░░░░░  ░░░░░░░░   ░░░░░
    
Autodetected device type: cuda
2026-03-04 17:22:30,354 - nanochat.common - [32m[1mINFO[0m - Distributed world size: 1
GPU: NVIDIA H200 | Peak FLOPS (BF16): 9.89e+14
✓ Using Flash Attention 3 (Hopper GPU detected), efficient, new and awesome.
Vocab size: 32,768
Model config:
{
  "sequence_len": 2048,
  "vocab_size": 32768,
  "n_layer": 12,
  "n_head": 6,
  "n_kv_head": 6,
  "n_embd": 768,
  "window_pattern": "SSSL",
  "use_chunk_rope": false,
  "use_fused_ce": false,
  "use_param_rmsnorm": false,
  "use_proj_scalars": false,
  "use_backout": false,
  "use_smear": false,
  "use_attn_gate": false,
  "use_half_truncated_rope": false,
  "use_partial_key_offset": false,
  "bigram_vocab_multiplier": 0,
  "use_unet_skip": false,
  "use_fused_mlp": false,
  "use_paired_heads": false
}
torch.compile mode: default
Parameter counts:
wte                     : 25,165,824
value_embeds            : 150,994,944
lm_head                 : 25,165,824
transformer_matrices    : 84,935,808
scalars                 : 24
total                   : 286,262,424
Estimated FLOPs per token: 8.021676e+08
Auto-computed optimal batch size: 524,288 tokens
Scaling the LR for the AdamW parameters ∝1/√(768/768) = 1.000000
Calculated number of iterations from target data:param ratio: 2,205
Total number of training tokens: 1,156,055,040
Tokens : Scaling params ratio: 10.50
Total training FLOPs estimate: 9.273498e+17
Tokens / micro-batch / rank: 32 x 2048 = 65,536
Tokens / micro-batch: 65,536
Total batch size 524,288 => gradient accumulation steps: 8
Step 00000 | Validation bpb: 3.228592
step 00000/02205 (0.00%) | loss: 10.397885 | lrm: 1.00 | dt: 36230.33ms | tok/sec: 14,470 | bf16_mfu: 1.17 | epoch: 1 pq: 0 rg: 1 | total time: 0.00m
step 00001/02205 (0.05%) | loss: 10.672508 | lrm: 1.00 | dt: 910.84ms | tok/sec: 575,611 | bf16_mfu: 46.69 | epoch: 1 pq: 0 rg: 2 | total time: 0.00m
step 00002/02205 (0.09%) | loss: 10.508199 | lrm: 1.00 | dt: 939.02ms | tok/sec: 558,335 | bf16_mfu: 45.29 | epoch: 1 pq: 0 rg: 3 | total time: 0.00m
step 00003/02205 (0.14%) | loss: 10.328357 | lrm: 1.00 | dt: 941.53ms | tok/sec: 556,847 | bf16_mfu: 45.17 | epoch: 1 pq: 0 rg: 4 | total time: 0.00m
step 00004/02205 (0.18%) | loss: 9.895234 | lrm: 1.00 | dt: 946.52ms | tok/sec: 553,908 | bf16_mfu: 44.93 | epoch: 1 pq: 0 rg: 5 | total time: 0.00m
step 00005/02205 (0.23%) | loss: 9.470297 | lrm: 1.00 | dt: 948.18ms | tok/sec: 552,941 | bf16_mfu: 44.85 | epoch: 1 pq: 0 rg: 6 | total time: 0.00m
step 00006/02205 (0.27%) | loss: 9.738252 | lrm: 1.00 | dt: 944.49ms | tok/sec: 555,099 | bf16_mfu: 45.02 | epoch: 1 pq: 0 rg: 7 | total time: 0.00m
step 00007/02205 (0.32%) | loss: 9.407178 | lrm: 1.00 | dt: 943.47ms | tok/sec: 555,702 | bf16_mfu: 45.07 | epoch: 1 pq: 0 rg: 8 | total time: 0.00m
step 00008/02205 (0.36%) | loss: 9.105635 | lrm: 1.00 | dt: 943.52ms | tok/sec: 555,671 | bf16_mfu: 45.07 | epoch: 1 pq: 0 rg: 9 | total time: 0.00m
step 00009/02205 (0.41%) | loss: 8.813663 | lrm: 1.00 | dt: 944.01ms | tok/sec: 555,382 | bf16_mfu: 45.05 | epoch: 1 pq: 0 rg: 10 | total time: 0.00m
step 00010/02205 (0.45%) | loss: 8.567448 | lrm: 1.00 | dt: 944.04ms | tok/sec: 555,366 | bf16_mfu: 45.05 | epoch: 1 pq: 0 rg: 12 | total time: 0.00m
step 00011/02205 (0.50%) | loss: 8.340070 | lrm: 1.00 | dt: 952.21ms | tok/sec: 550,598 | bf16_mfu: 44.66 | epoch: 1 pq: 0 rg: 13 | total time: 0.02m | eta: 34.8m
step 00012/02205 (0.54%) | loss: 8.126005 | lrm: 1.00 | dt: 945.42ms | tok/sec: 554,555 | bf16_mfu: 44.98 | epoch: 1 pq: 0 rg: 14 | total time: 0.03m | eta: 34.7m
step 00013/02205 (0.59%) | loss: 7.923113 | lrm: 1.00 | dt: 950.63ms | tok/sec: 551,517 | bf16_mfu: 44.73 | epoch: 1 pq: 0 rg: 15 | total time: 0.05m | eta: 34.7m
step 00014/02205 (0.63%) | loss: 7.742064 | lrm: 1.00 | dt: 948.39ms | tok/sec: 552,816 | bf16_mfu: 44.84 | epoch: 1 pq: 0 rg: 16 | total time: 0.06m | eta: 34.7m
step 00015/02205 (0.68%) | loss: 7.573754 | lrm: 1.00 | dt: 951.85ms | tok/sec: 550,808 | bf16_mfu: 44.68 | epoch: 1 pq: 0 rg: 17 | total time: 0.08m | eta: 34.7m
step 00016/02205 (0.73%) | loss: 7.415878 | lrm: 1.00 | dt: 946.38ms | tok/sec: 553,991 | bf16_mfu: 44.93 | epoch: 1 pq: 0 rg: 18 | total time: 0.09m | eta: 34.6m
step 00017/02205 (0.77%) | loss: 7.269406 | lrm: 1.00 | dt: 950.53ms | tok/sec: 551,572 | bf16_mfu: 44.74 | epoch: 1 pq: 0 rg: 19 | total time: 0.11m | eta: 34.6m
step 00018/02205 (0.82%) | loss: 7.134579 | lrm: 1.00 | dt: 946.70ms | tok/sec: 553,808 | bf16_mfu: 44.92 | epoch: 1 pq: 0 rg: 20 | total time: 0.13m | eta: 34.6m
step 00019/02205 (0.86%) | loss: 7.023698 | lrm: 1.00 | dt: 945.96ms | tok/sec: 554,237 | bf16_mfu: 44.95 | epoch: 1 pq: 0 rg: 21 | total time: 0.14m | eta: 34.6m
step 00020/02205 (0.91%) | loss: 6.911460 | lrm: 1.00 | dt: 943.21ms | tok/sec: 555,852 | bf16_mfu: 45.08 | epoch: 1 pq: 0 rg: 22 | total time: 0.16m | eta: 34.5m
step 00021/02205 (0.95%) | loss: 6.812972 | lrm: 1.00 | dt: 947.60ms | tok/sec: 553,278 | bf16_mfu: 44.88 | epoch: 1 pq: 0 rg: 23 | total time: 0.17m | eta: 34.5m
step 00022/02205 (1.00%) | loss: 6.728347 | lrm: 1.00 | dt: 943.93ms | tok/sec: 555,431 | bf16_mfu: 45.05 | epoch: 1 pq: 0 rg: 24 | total time: 0.19m | eta: 34.5m
step 00023/02205 (1.04%) | loss: 6.645384 | lrm: 1.00 | dt: 943.80ms | tok/sec: 555,505 | bf16_mfu: 45.06 | epoch: 1 pq: 0 rg: 25 | total time: 0.21m | eta: 34.5m
step 00024/02205 (1.09%) | loss: 6.565493 | lrm: 1.00 | dt: 943.33ms | tok/sec: 555,786 | bf16_mfu: 45.08 | epoch: 1 pq: 0 rg: 26 | total time: 0.22m | eta: 34.4m
step 00025/02205 (1.13%) | loss: 6.501461 | lrm: 1.00 | dt: 942.00ms | tok/sec: 556,569 | bf16_mfu: 45.14 | epoch: 1 pq: 0 rg: 27 | total time: 0.24m | eta: 34.4m
step 00026/02205 (1.18%) | loss: 6.433906 | lrm: 1.00 | dt: 949.16ms | tok/sec: 552,368 | bf16_mfu: 44.80 | epoch: 1 pq: 0 rg: 28 | total time: 0.25m | eta: 34.4m
step 00027/02205 (1.22%) | loss: 6.372783 | lrm: 1.00 | dt: 947.64ms | tok/sec: 553,258 | bf16_mfu: 44.87 | epoch: 1 pq: 0 rg: 30 | total time: 0.27m | eta: 34.4m
step 00028/02205 (1.27%) | loss: 6.312222 | lrm: 1.00 | dt: 944.63ms | tok/sec: 555,019 | bf16_mfu: 45.02 | epoch: 1 pq: 0 rg: 30 | total time: 0.28m | eta: 34.4m
step 00029/02205 (1.32%) | loss: 6.259897 | lrm: 1.00 | dt: 948.42ms | tok/sec: 552,802 | bf16_mfu: 44.84 | epoch: 1 pq: 0 rg: 31 | total time: 0.30m | eta: 34.3m
step 00030/02205 (1.36%) | loss: 6.214181 | lrm: 1.00 | dt: 946.76ms | tok/sec: 553,773 | bf16_mfu: 44.92 | epoch: 1 pq: 0 rg: 32 | total time: 0.32m | eta: 34.3m
step 00031/02205 (1.41%) | loss: 6.172098 | lrm: 1.00 | dt: 951.14ms | tok/sec: 551,220 | bf16_mfu: 44.71 | epoch: 1 pq: 0 rg: 33 | total time: 0.33m | eta: 34.3m
step 00032/02205 (1.45%) | loss: 6.131758 | lrm: 1.00 | dt: 947.55ms | tok/sec: 553,311 | bf16_mfu: 44.88 | epoch: 1 pq: 0 rg: 34 | total time: 0.35m | eta: 34.3m
step 00033/02205 (1.50%) | loss: 6.092872 | lrm: 1.00 | dt: 949.13ms | tok/sec: 552,387 | bf16_mfu: 44.80 | epoch: 1 pq: 0 rg: 35 | total time: 0.36m | eta: 34.3m
step 00034/02205 (1.54%) | loss: 6.063111 | lrm: 1.00 | dt: 949.84ms | tok/sec: 551,976 | bf16_mfu: 44.77 | epoch: 1 pq: 0 rg: 36 | total time: 0.38m | eta: 34.3m
step 00035/02205 (1.59%) | loss: 6.027608 | lrm: 1.00 | dt: 951.93ms | tok/sec: 550,762 | bf16_mfu: 44.67 | epoch: 1 pq: 0 rg: 37 | total time: 0.39m | eta: 34.3m
step 00036/02205 (1.63%) | loss: 5.993980 | lrm: 1.00 | dt: 950.37ms | tok/sec: 551,668 | bf16_mfu: 44.75 | epoch: 1 pq: 0 rg: 38 | total time: 0.41m | eta: 34.3m
step 00037/02205 (1.68%) | loss: 5.969496 | lrm: 1.00 | dt: 950.97ms | tok/sec: 551,319 | bf16_mfu: 44.72 | epoch: 1 pq: 0 rg: 39 | total time: 0.43m | eta: 34.2m
step 00038/02205 (1.72%) | loss: 5.930864 | lrm: 1.00 | dt: 944.24ms | tok/sec: 555,250 | bf16_mfu: 45.04 | epoch: 1 pq: 0 rg: 40 | total time: 0.44m | eta: 34.2m
step 00039/02205 (1.77%) | loss: 5.899145 | lrm: 1.00 | dt: 948.51ms | tok/sec: 552,747 | bf16_mfu: 44.83 | epoch: 1 pq: 0 rg: 41 | total time: 0.46m | eta: 34.2m
step 00040/02205 (1.81%) | loss: 5.865025 | lrm: 1.00 | dt: 951.03ms | tok/sec: 551,287 | bf16_mfu: 44.71 | epoch: 1 pq: 0 rg: 42 | total time: 0.47m | eta: 34.2m
step 00041/02205 (1.86%) | loss: 5.838755 | lrm: 1.00 | dt: 955.29ms | tok/sec: 548,828 | bf16_mfu: 44.51 | epoch: 1 pq: 0 rg: 43 | total time: 0.49m | eta: 34.2m
step 00042/02205 (1.90%) | loss: 5.800086 | lrm: 1.00 | dt: 949.24ms | tok/sec: 552,322 | bf16_mfu: 44.80 | epoch: 1 pq: 0 rg: 44 | total time: 0.51m | eta: 34.2m
step 00043/02205 (1.95%) | loss: 5.780600 | lrm: 1.00 | dt: 946.64ms | tok/sec: 553,843 | bf16_mfu: 44.92 | epoch: 1 pq: 0 rg: 45 | total time: 0.52m | eta: 34.2m
step 00044/02205 (2.00%) | loss: 5.751957 | lrm: 1.00 | dt: 949.15ms | tok/sec: 552,378 | bf16_mfu: 44.80 | epoch: 1 pq: 0 rg: 46 | total time: 0.54m | eta: 34.1m
step 00045/02205 (2.04%) | loss: 5.718830 | lrm: 1.00 | dt: 952.34ms | tok/sec: 550,525 | bf16_mfu: 44.65 | epoch: 1 pq: 0 rg: 47 | total time: 0.55m | eta: 34.1m
step 00046/02205 (2.09%) | loss: 5.697472 | lrm: 1.00 | dt: 955.20ms | tok/sec: 548,878 | bf16_mfu: 44.52 | epoch: 1 pq: 0 rg: 48 | total time: 0.57m | eta: 34.1m
step 00047/02205 (2.13%) | loss: 5.680877 | lrm: 1.00 | dt: 947.14ms | tok/sec: 553,549 | bf16_mfu: 44.90 | epoch: 1 pq: 0 rg: 49 | total time: 0.58m | eta: 34.1m
step 00048/02205 (2.18%) | loss: 5.656348 | lrm: 1.00 | dt: 954.65ms | tok/sec: 549,194 | bf16_mfu: 44.54 | epoch: 1 pq: 0 rg: 50 | total time: 0.60m | eta: 34.1m
step 00049/02205 (2.22%) | loss: 5.623384 | lrm: 1.00 | dt: 948.75ms | tok/sec: 552,607 | bf16_mfu: 44.82 | epoch: 1 pq: 0 rg: 50 | total time: 0.62m | eta: 34.1m
step 00050/02205 (2.27%) | loss: 5.601235 | lrm: 1.00 | dt: 952.91ms | tok/sec: 550,198 | bf16_mfu: 44.63 | epoch: 1 pq: 0 rg: 51 | total time: 0.63m | eta: 34.1m
step 00051/02205 (2.31%) | loss: 5.572133 | lrm: 1.00 | dt: 955.53ms | tok/sec: 548,690 | bf16_mfu: 44.50 | epoch: 1 pq: 0 rg: 52 | total time: 0.65m | eta: 34.1m
step 00052/02205 (2.36%) | loss: 5.551148 | lrm: 1.00 | dt: 951.75ms | tok/sec: 550,866 | bf16_mfu: 44.68 | epoch: 1 pq: 0 rg: 53 | total time: 0.66m | eta: 34.0m
step 00053/02205 (2.40%) | loss: 5.528989 | lrm: 1.00 | dt: 943.82ms | tok/sec: 555,495 | bf16_mfu: 45.06 | epoch: 1 pq: 0 rg: 54 | total time: 0.68m | eta: 34.0m
step 00054/02205 (2.45%) | loss: 5.503735 | lrm: 1.00 | dt: 951.37ms | tok/sec: 551,085 | bf16_mfu: 44.70 | epoch: 1 pq: 0 rg: 55 | total time: 0.70m | eta: 34.0m
step 00055/02205 (2.49%) | loss: 5.479119 | lrm: 1.00 | dt: 947.13ms | tok/sec: 553,553 | bf16_mfu: 44.90 | epoch: 1 pq: 0 rg: 56 | total time: 0.71m | eta: 34.0m
step 00056/02205 (2.54%) | loss: 5.448815 | lrm: 1.00 | dt: 951.93ms | tok/sec: 550,763 | bf16_mfu: 44.67 | epoch: 1 pq: 0 rg: 57 | total time: 0.73m | eta: 34.0m
step 00057/02205 (2.59%) | loss: 5.420570 | lrm: 1.00 | dt: 949.20ms | tok/sec: 552,347 | bf16_mfu: 44.80 | epoch: 1 pq: 0 rg: 58 | total time: 0.74m | eta: 34.0m
step 00058/02205 (2.63%) | loss: 5.389060 | lrm: 1.00 | dt: 954.03ms | tok/sec: 549,548 | bf16_mfu: 44.57 | epoch: 1 pq: 0 rg: 59 | total time: 0.76m | eta: 34.0m
step 00059/02205 (2.68%) | loss: 5.365183 | lrm: 1.00 | dt: 944.75ms | tok/sec: 554,949 | bf16_mfu: 45.01 | epoch: 1 pq: 0 rg: 60 | total time: 0.77m | eta: 33.9m
step 00060/02205 (2.72%) | loss: 5.343120 | lrm: 1.00 | dt: 953.27ms | tok/sec: 549,988 | bf16_mfu: 44.61 | epoch: 1 pq: 0 rg: 61 | total time: 0.79m | eta: 33.9m
step 00061/02205 (2.77%) | loss: 5.319223 | lrm: 1.00 | dt: 944.81ms | tok/sec: 554,913 | bf16_mfu: 45.01 | epoch: 1 pq: 0 rg: 62 | total time: 0.81m | eta: 33.9m
step 00062/02205 (2.81%) | loss: 5.287129 | lrm: 1.00 | dt: 955.72ms | tok/sec: 548,578 | bf16_mfu: 44.49 | epoch: 1 pq: 0 rg: 63 | total time: 0.82m | eta: 33.9m
step 00063/02205 (2.86%) | loss: 5.265864 | lrm: 1.00 | dt: 945.00ms | tok/sec: 554,802 | bf16_mfu: 45.00 | epoch: 1 pq: 0 rg: 64 | total time: 0.84m | eta: 33.9m
step 00064/02205 (2.90%) | loss: 5.239220 | lrm: 1.00 | dt: 954.81ms | tok/sec: 549,099 | bf16_mfu: 44.54 | epoch: 1 pq: 0 rg: 65 | total time: 0.85m | eta: 33.9m
step 00065/02205 (2.95%) | loss: 5.217212 | lrm: 1.00 | dt: 946.09ms | tok/sec: 554,164 | bf16_mfu: 44.95 | epoch: 1 pq: 0 rg: 66 | total time: 0.87m | eta: 33.8m
step 00066/02205 (2.99%) | loss: 5.194873 | lrm: 1.00 | dt: 953.28ms | tok/sec: 549,980 | bf16_mfu: 44.61 | epoch: 1 pq: 0 rg: 67 | total time: 0.89m | eta: 33.8m
step 00067/02205 (3.04%) | loss: 5.174670 | lrm: 1.00 | dt: 944.28ms | tok/sec: 555,226 | bf16_mfu: 45.03 | epoch: 1 pq: 0 rg: 68 | total time: 0.90m | eta: 33.8m
step 00068/02205 (3.08%) | loss: 5.155013 | lrm: 1.00 | dt: 946.01ms | tok/sec: 554,210 | bf16_mfu: 44.95 | epoch: 1 pq: 0 rg: 69 | total time: 0.92m | eta: 33.8m
step 00069/02205 (3.13%) | loss: 5.131773 | lrm: 1.00 | dt: 948.29ms | tok/sec: 552,876 | bf16_mfu: 44.84 | epoch: 1 pq: 0 rg: 70 | total time: 0.93m | eta: 33.8m
step 00070/02205 (3.17%) | loss: 5.098433 | lrm: 1.00 | dt: 945.16ms | tok/sec: 554,709 | bf16_mfu: 44.99 | epoch: 1 pq: 0 rg: 71 | total time: 0.95m | eta: 33.8m
step 00071/02205 (3.22%) | loss: 5.082035 | lrm: 1.00 | dt: 951.13ms | tok/sec: 551,226 | bf16_mfu: 44.71 | epoch: 1 pq: 0 rg: 72 | total time: 0.96m | eta: 33.7m
step 00072/02205 (3.27%) | loss: 5.048075 | lrm: 1.00 | dt: 947.82ms | tok/sec: 553,149 | bf16_mfu: 44.87 | epoch: 1 pq: 0 rg: 72 | total time: 0.98m | eta: 33.7m
step 00073/02205 (3.31%) | loss: 5.032392 | lrm: 1.00 | dt: 950.19ms | tok/sec: 551,770 | bf16_mfu: 44.75 | epoch: 1 pq: 0 rg: 73 | total time: 1.00m | eta: 33.7m
step 00074/02205 (3.36%) | loss: 4.999699 | lrm: 1.00 | dt: 949.47ms | tok/sec: 552,190 | bf16_mfu: 44.79 | epoch: 1 pq: 0 rg: 74 | total time: 1.01m | eta: 33.7m
step 00075/02205 (3.40%) | loss: 4.982323 | lrm: 1.00 | dt: 947.66ms | tok/sec: 553,246 | bf16_mfu: 44.87 | epoch: 1 pq: 0 rg: 75 | total time: 1.03m | eta: 33.7m
step 00076/02205 (3.45%) | loss: 4.957708 | lrm: 1.00 | dt: 950.39ms | tok/sec: 551,652 | bf16_mfu: 44.74 | epoch: 1 pq: 0 rg: 76 | total time: 1.04m | eta: 33.7m
step 00077/02205 (3.49%) | loss: 4.943375 | lrm: 1.00 | dt: 956.03ms | tok/sec: 548,403 | bf16_mfu: 44.48 | epoch: 1 pq: 0 rg: 77 | total time: 1.06m | eta: 33.7m
step 00078/02205 (3.54%) | loss: 4.916491 | lrm: 1.00 | dt: 948.12ms | tok/sec: 552,977 | bf16_mfu: 44.85 | epoch: 1 pq: 0 rg: 78 | total time: 1.08m | eta: 33.6m
step 00079/02205 (3.58%) | loss: 4.888612 | lrm: 1.00 | dt: 952.61ms | tok/sec: 550,370 | bf16_mfu: 44.64 | epoch: 1 pq: 0 rg: 79 | total time: 1.09m | eta: 33.6m
step 00080/02205 (3.63%) | loss: 4.864780 | lrm: 1.00 | dt: 950.52ms | tok/sec: 551,580 | bf16_mfu: 44.74 | epoch: 1 pq: 0 rg: 80 | total time: 1.11m | eta: 33.6m
step 00081/02205 (3.67%) | loss: 4.853865 | lrm: 1.00 | dt: 946.36ms | tok/sec: 554,005 | bf16_mfu: 44.93 | epoch: 1 pq: 0 rg: 81 | total time: 1.12m | eta: 33.6m
step 00082/02205 (3.72%) | loss: 4.835936 | lrm: 1.00 | dt: 949.41ms | tok/sec: 552,223 | bf16_mfu: 44.79 | epoch: 1 pq: 0 rg: 82 | total time: 1.14m | eta: 33.6m
step 00083/02205 (3.76%) | loss: 4.829555 | lrm: 1.00 | dt: 953.62ms | tok/sec: 549,787 | bf16_mfu: 44.59 | epoch: 1 pq: 0 rg: 83 | total time: 1.15m | eta: 33.6m
step 00084/02205 (3.81%) | loss: 4.818877 | lrm: 1.00 | dt: 944.39ms | tok/sec: 555,161 | bf16_mfu: 45.03 | epoch: 1 pq: 1 rg: 0 | total time: 1.17m | eta: 33.5m
step 00085/02205 (3.85%) | loss: 4.809663 | lrm: 1.00 | dt: 944.04ms | tok/sec: 555,367 | bf16_mfu: 45.05 | epoch: 1 pq: 1 rg: 1 | total time: 1.19m | eta: 33.5m
step 00086/02205 (3.90%) | loss: 4.792220 | lrm: 1.00 | dt: 953.28ms | tok/sec: 549,984 | bf16_mfu: 44.61 | epoch: 1 pq: 1 rg: 2 | total time: 1.20m | eta: 33.5m
step 00087/02205 (3.95%) | loss: 4.774531 | lrm: 1.00 | dt: 945.37ms | tok/sec: 554,586 | bf16_mfu: 44.98 | epoch: 1 pq: 1 rg: 3 | total time: 1.22m | eta: 33.5m
step 00088/02205 (3.99%) | loss: 4.767454 | lrm: 1.00 | dt: 943.75ms | tok/sec: 555,535 | bf16_mfu: 45.06 | epoch: 1 pq: 1 rg: 4 | total time: 1.23m | eta: 33.5m
step 00089/02205 (4.04%) | loss: 4.755618 | lrm: 1.00 | dt: 949.03ms | tok/sec: 552,448 | bf16_mfu: 44.81 | epoch: 1 pq: 1 rg: 5 | total time: 1.25m | eta: 33.5m
step 00090/02205 (4.08%) | loss: 4.740766 | lrm: 1.00 | dt: 944.19ms | tok/sec: 555,277 | bf16_mfu: 45.04 | epoch: 1 pq: 1 rg: 6 | total time: 1.27m | eta: 33.4m
step 00091/02205 (4.13%) | loss: 4.722456 | lrm: 1.00 | dt: 943.06ms | tok/sec: 555,941 | bf16_mfu: 45.09 | epoch: 1 pq: 1 rg: 7 | total time: 1.28m | eta: 33.4m
step 00092/02205 (4.17%) | loss: 4.698893 | lrm: 1.00 | dt: 939.95ms | tok/sec: 557,781 | bf16_mfu: 45.24 | epoch: 1 pq: 1 rg: 8 | total time: 1.30m | eta: 33.4m
step 00093/02205 (4.22%) | loss: 4.678872 | lrm: 1.00 | dt: 955.94ms | tok/sec: 548,454 | bf16_mfu: 44.48 | epoch: 1 pq: 1 rg: 9 | total time: 1.31m | eta: 33.4m
step 00094/02205 (4.26%) | loss: 4.660851 | lrm: 1.00 | dt: 949.47ms | tok/sec: 552,191 | bf16_mfu: 44.79 | epoch: 1 pq: 1 rg: 10 | total time: 1.33m | eta: 33.4m
step 00095/02205 (4.31%) | loss: 4.638690 | lrm: 1.00 | dt: 948.53ms | tok/sec: 552,736 | bf16_mfu: 44.83 | epoch: 1 pq: 1 rg: 11 | total time: 1.34m | eta: 33.4m
step 00096/02205 (4.35%) | loss: 4.628216 | lrm: 1.00 | dt: 951.59ms | tok/sec: 550,962 | bf16_mfu: 44.69 | epoch: 1 pq: 1 rg: 11 | total time: 1.36m | eta: 33.4m
step 00097/02205 (4.40%) | loss: 4.611322 | lrm: 1.00 | dt: 948.75ms | tok/sec: 552,608 | bf16_mfu: 44.82 | epoch: 1 pq: 1 rg: 12 | total time: 1.38m | eta: 33.3m
step 00098/02205 (4.44%) | loss: 4.601228 | lrm: 1.00 | dt: 943.13ms | tok/sec: 555,901 | bf16_mfu: 45.09 | epoch: 1 pq: 1 rg: 13 | total time: 1.39m | eta: 33.3m
step 00099/02205 (4.49%) | loss: 4.583772 | lrm: 1.00 | dt: 950.06ms | tok/sec: 551,844 | bf16_mfu: 44.76 | epoch: 1 pq: 1 rg: 14 | total time: 1.41m | eta: 33.3m
step 00100/02205 (4.54%) | loss: 4.561893 | lrm: 1.00 | dt: 947.44ms | tok/sec: 553,376 | bf16_mfu: 44.88 | epoch: 1 pq: 1 rg: 15 | total time: 1.42m | eta: 33.3m
step 00101/02205 (4.58%) | loss: 4.542821 | lrm: 1.00 | dt: 945.79ms | tok/sec: 554,340 | bf16_mfu: 44.96 | epoch: 1 pq: 1 rg: 16 | total time: 1.44m | eta: 33.3m
step 00102/02205 (4.63%) | loss: 4.532363 | lrm: 1.00 | dt: 944.12ms | tok/sec: 555,319 | bf16_mfu: 45.04 | epoch: 1 pq: 1 rg: 17 | total time: 1.45m | eta: 33.3m
step 00103/02205 (4.67%) | loss: 4.513950 | lrm: 1.00 | dt: 946.46ms | tok/sec: 553,947 | bf16_mfu: 44.93 | epoch: 1 pq: 1 rg: 18 | total time: 1.47m | eta: 33.2m
step 00104/02205 (4.72%) | loss: 4.501389 | lrm: 1.00 | dt: 944.31ms | tok/sec: 555,205 | bf16_mfu: 45.03 | epoch: 1 pq: 1 rg: 19 | total time: 1.49m | eta: 33.2m
step 00105/02205 (4.76%) | loss: 4.480208 | lrm: 1.00 | dt: 947.45ms | tok/sec: 553,366 | bf16_mfu: 44.88 | epoch: 1 pq: 1 rg: 20 | total time: 1.50m | eta: 33.2m
step 00106/02205 (4.81%) | loss: 4.466303 | lrm: 1.00 | dt: 940.59ms | tok/sec: 557,402 | bf16_mfu: 45.21 | epoch: 1 pq: 1 rg: 21 | total time: 1.52m | eta: 33.2m
step 00107/02205 (4.85%) | loss: 4.464567 | lrm: 1.00 | dt: 948.88ms | tok/sec: 552,532 | bf16_mfu: 44.82 | epoch: 1 pq: 1 rg: 22 | total time: 1.53m | eta: 33.2m
step 00108/02205 (4.90%) | loss: 4.454881 | lrm: 1.00 | dt: 948.48ms | tok/sec: 552,768 | bf16_mfu: 44.83 | epoch: 1 pq: 1 rg: 23 | total time: 1.55m | eta: 33.1m
step 00109/02205 (4.94%) | loss: 4.442596 | lrm: 1.00 | dt: 945.62ms | tok/sec: 554,438 | bf16_mfu: 44.97 | epoch: 1 pq: 1 rg: 24 | total time: 1.56m | eta: 33.1m
step 00110/02205 (4.99%) | loss: 4.428190 | lrm: 1.00 | dt: 947.53ms | tok/sec: 553,319 | bf16_mfu: 44.88 | epoch: 1 pq: 1 rg: 25 | total time: 1.58m | eta: 33.1m
step 00111/02205 (5.03%) | loss: 4.415890 | lrm: 1.00 | dt: 945.89ms | tok/sec: 554,279 | bf16_mfu: 44.96 | epoch: 1 pq: 1 rg: 26 | total time: 1.60m | eta: 33.1m
step 00112/02205 (5.08%) | loss: 4.405537 | lrm: 1.00 | dt: 952.85ms | tok/sec: 550,232 | bf16_mfu: 44.63 | epoch: 1 pq: 1 rg: 27 | total time: 1.61m | eta: 33.1m
step 00113/02205 (5.12%) | loss: 4.398068 | lrm: 1.00 | dt: 943.35ms | tok/sec: 555,775 | bf16_mfu: 45.08 | epoch: 1 pq: 1 rg: 28 | total time: 1.63m | eta: 33.1m
step 00114/02205 (5.17%) | loss: 4.377336 | lrm: 1.00 | dt: 940.63ms | tok/sec: 557,378 | bf16_mfu: 45.21 | epoch: 1 pq: 1 rg: 29 | total time: 1.64m | eta: 33.0m
step 00115/02205 (5.22%) | loss: 4.359274 | lrm: 1.00 | dt: 948.44ms | tok/sec: 552,789 | bf16_mfu: 44.84 | epoch: 1 pq: 1 rg: 30 | total time: 1.66m | eta: 33.0m
step 00116/02205 (5.26%) | loss: 4.351612 | lrm: 1.00 | dt: 950.50ms | tok/sec: 551,593 | bf16_mfu: 44.74 | epoch: 1 pq: 1 rg: 31 | total time: 1.68m | eta: 33.0m
step 00117/02205 (5.31%) | loss: 4.323594 | lrm: 1.00 | dt: 951.14ms | tok/sec: 551,223 | bf16_mfu: 44.71 | epoch: 1 pq: 1 rg: 32 | total time: 1.69m | eta: 33.0m
step 00118/02205 (5.35%) | loss: 4.321388 | lrm: 1.00 | dt: 947.10ms | tok/sec: 553,573 | bf16_mfu: 44.90 | epoch: 1 pq: 1 rg: 33 | total time: 1.71m | eta: 33.0m
step 00119/02205 (5.40%) | loss: 4.310325 | lrm: 1.00 | dt: 944.84ms | tok/sec: 554,898 | bf16_mfu: 45.01 | epoch: 1 pq: 1 rg: 33 | total time: 1.72m | eta: 33.0m
step 00120/02205 (5.44%) | loss: 4.300227 | lrm: 1.00 | dt: 943.09ms | tok/sec: 555,927 | bf16_mfu: 45.09 | epoch: 1 pq: 1 rg: 34 | total time: 1.74m | eta: 33.0m
step 00121/02205 (5.49%) | loss: 4.285537 | lrm: 1.00 | dt: 946.71ms | tok/sec: 553,799 | bf16_mfu: 44.92 | epoch: 1 pq: 1 rg: 35 | total time: 1.75m | eta: 32.9m
step 00122/02205 (5.53%) | loss: 4.272478 | lrm: 1.00 | dt: 945.37ms | tok/sec: 554,587 | bf16_mfu: 44.98 | epoch: 1 pq: 1 rg: 36 | total time: 1.77m | eta: 32.9m
step 00123/02205 (5.58%) | loss: 4.260775 | lrm: 1.00 | dt: 943.40ms | tok/sec: 555,742 | bf16_mfu: 45.08 | epoch: 1 pq: 1 rg: 37 | total time: 1.79m | eta: 32.9m
step 00124/02205 (5.62%) | loss: 4.234806 | lrm: 1.00 | dt: 949.67ms | tok/sec: 552,076 | bf16_mfu: 44.78 | epoch: 1 pq: 1 rg: 38 | total time: 1.80m | eta: 32.9m
step 00125/02205 (5.67%) | loss: 4.218175 | lrm: 1.00 | dt: 944.09ms | tok/sec: 555,334 | bf16_mfu: 45.04 | epoch: 1 pq: 1 rg: 39 | total time: 1.82m | eta: 32.9m
step 00126/02205 (5.71%) | loss: 4.206035 | lrm: 1.00 | dt: 944.25ms | tok/sec: 555,243 | bf16_mfu: 45.04 | epoch: 1 pq: 1 rg: 40 | total time: 1.83m | eta: 32.9m
step 00127/02205 (5.76%) | loss: 4.181584 | lrm: 1.00 | dt: 946.83ms | tok/sec: 553,727 | bf16_mfu: 44.91 | epoch: 1 pq: 1 rg: 41 | total time: 1.85m | eta: 32.8m
step 00128/02205 (5.80%) | loss: 4.152159 | lrm: 1.00 | dt: 948.64ms | tok/sec: 552,671 | bf16_mfu: 44.83 | epoch: 1 pq: 1 rg: 42 | total time: 1.86m | eta: 32.8m
step 00129/02205 (5.85%) | loss: 4.127907 | lrm: 1.00 | dt: 947.60ms | tok/sec: 553,282 | bf16_mfu: 44.88 | epoch: 1 pq: 1 rg: 43 | total time: 1.88m | eta: 32.8m
step 00130/02205 (5.90%) | loss: 4.127214 | lrm: 1.00 | dt: 949.54ms | tok/sec: 552,150 | bf16_mfu: 44.78 | epoch: 1 pq: 1 rg: 44 | total time: 1.90m | eta: 32.8m
step 00131/02205 (5.94%) | loss: 4.122546 | lrm: 1.00 | dt: 943.80ms | tok/sec: 555,508 | bf16_mfu: 45.06 | epoch: 1 pq: 1 rg: 45 | total time: 1.91m | eta: 32.8m
step 00132/02205 (5.99%) | loss: 4.113185 | lrm: 1.00 | dt: 950.48ms | tok/sec: 551,601 | bf16_mfu: 44.74 | epoch: 1 pq: 1 rg: 46 | total time: 1.93m | eta: 32.8m
step 00133/02205 (6.03%) | loss: 4.101357 | lrm: 1.00 | dt: 944.01ms | tok/sec: 555,385 | bf16_mfu: 45.05 | epoch: 1 pq: 1 rg: 47 | total time: 1.94m | eta: 32.7m
step 00134/02205 (6.08%) | loss: 4.082304 | lrm: 1.00 | dt: 946.13ms | tok/sec: 554,141 | bf16_mfu: 44.95 | epoch: 1 pq: 1 rg: 48 | total time: 1.96m | eta: 32.7m
step 00135/02205 (6.12%) | loss: 4.079750 | lrm: 1.00 | dt: 945.14ms | tok/sec: 554,720 | bf16_mfu: 44.99 | epoch: 1 pq: 1 rg: 49 | total time: 1.98m | eta: 32.7m
step 00136/02205 (6.17%) | loss: 4.070838 | lrm: 1.00 | dt: 946.42ms | tok/sec: 553,969 | bf16_mfu: 44.93 | epoch: 1 pq: 1 rg: 50 | total time: 1.99m | eta: 32.7m
step 00137/02205 (6.21%) | loss: 4.065171 | lrm: 1.00 | dt: 946.62ms | tok/sec: 553,849 | bf16_mfu: 44.92 | epoch: 1 pq: 1 rg: 51 | total time: 2.01m | eta: 32.7m
step 00138/02205 (6.26%) | loss: 4.047118 | lrm: 1.00 | dt: 943.19ms | tok/sec: 555,868 | bf16_mfu: 45.09 | epoch: 1 pq: 1 rg: 52 | total time: 2.02m | eta: 32.7m
step 00139/02205 (6.30%) | loss: 4.043643 | lrm: 1.00 | dt: 945.42ms | tok/sec: 554,557 | bf16_mfu: 44.98 | epoch: 1 pq: 1 rg: 53 | total time: 2.04m | eta: 32.6m
step 00140/02205 (6.35%) | loss: 4.029484 | lrm: 1.00 | dt: 942.31ms | tok/sec: 556,387 | bf16_mfu: 45.13 | epoch: 1 pq: 1 rg: 54 | total time: 2.05m | eta: 32.6m
step 00141/02205 (6.39%) | loss: 4.022235 | lrm: 1.00 | dt: 946.89ms | tok/sec: 553,692 | bf16_mfu: 44.91 | epoch: 1 pq: 1 rg: 54 | total time: 2.07m | eta: 32.6m
step 00142/02205 (6.44%) | loss: 4.020980 | lrm: 1.00 | dt: 946.66ms | tok/sec: 553,830 | bf16_mfu: 44.92 | epoch: 1 pq: 1 rg: 55 | total time: 2.09m | eta: 32.6m
step 00143/02205 (6.49%) | loss: 4.012805 | lrm: 1.00 | dt: 943.83ms | tok/sec: 555,491 | bf16_mfu: 45.06 | epoch: 1 pq: 1 rg: 56 | total time: 2.10m | eta: 32.6m
step 00144/02205 (6.53%) | loss: 4.006672 | lrm: 1.00 | dt: 943.73ms | tok/sec: 555,547 | bf16_mfu: 45.06 | epoch: 1 pq: 1 rg: 57 | total time: 2.12m | eta: 32.6m
step 00145/02205 (6.58%) | loss: 4.002574 | lrm: 1.00 | dt: 947.47ms | tok/sec: 553,356 | bf16_mfu: 44.88 | epoch: 1 pq: 1 rg: 58 | total time: 2.13m | eta: 32.5m
step 00146/02205 (6.62%) | loss: 3.991318 | lrm: 1.00 | dt: 943.71ms | tok/sec: 555,562 | bf16_mfu: 45.06 | epoch: 1 pq: 1 rg: 59 | total time: 2.15m | eta: 32.5m
step 00147/02205 (6.67%) | loss: 3.975450 | lrm: 1.00 | dt: 946.32ms | tok/sec: 554,026 | bf16_mfu: 44.94 | epoch: 1 pq: 1 rg: 60 | total time: 2.16m | eta: 32.5m
step 00148/02205 (6.71%) | loss: 3.960506 | lrm: 1.00 | dt: 943.66ms | tok/sec: 555,589 | bf16_mfu: 45.06 | epoch: 1 pq: 1 rg: 61 | total time: 2.18m | eta: 32.5m
step 00149/02205 (6.76%) | loss: 3.950556 | lrm: 1.00 | dt: 949.48ms | tok/sec: 552,184 | bf16_mfu: 44.79 | epoch: 1 pq: 1 rg: 62 | total time: 2.20m | eta: 32.5m
step 00150/02205 (6.80%) | loss: 3.940903 | lrm: 1.00 | dt: 943.30ms | tok/sec: 555,803 | bf16_mfu: 45.08 | epoch: 1 pq: 1 rg: 63 | total time: 2.21m | eta: 32.5m
step 00151/02205 (6.85%) | loss: 3.929679 | lrm: 1.00 | dt: 949.22ms | tok/sec: 552,337 | bf16_mfu: 44.80 | epoch: 1 pq: 1 rg: 64 | total time: 2.23m | eta: 32.4m
step 00152/02205 (6.89%) | loss: 3.906394 | lrm: 1.00 | dt: 944.13ms | tok/sec: 555,313 | bf16_mfu: 45.04 | epoch: 1 pq: 1 rg: 65 | total time: 2.24m | eta: 32.4m
step 00153/02205 (6.94%) | loss: 3.899528 | lrm: 1.00 | dt: 945.47ms | tok/sec: 554,527 | bf16_mfu: 44.98 | epoch: 1 pq: 1 rg: 66 | total time: 2.26m | eta: 32.4m
step 00154/02205 (6.98%) | loss: 3.892930 | lrm: 1.00 | dt: 951.29ms | tok/sec: 551,134 | bf16_mfu: 44.70 | epoch: 1 pq: 1 rg: 67 | total time: 2.27m | eta: 32.4m
step 00155/02205 (7.03%) | loss: 3.872492 | lrm: 1.00 | dt: 944.25ms | tok/sec: 555,240 | bf16_mfu: 45.03 | epoch: 1 pq: 1 rg: 68 | total time: 2.29m | eta: 32.4m
step 00156/02205 (7.07%) | loss: 3.862752 | lrm: 1.00 | dt: 945.09ms | tok/sec: 554,748 | bf16_mfu: 45.00 | epoch: 1 pq: 1 rg: 69 | total time: 2.31m | eta: 32.4m
step 00157/02205 (7.12%) | loss: 3.860215 | lrm: 1.00 | dt: 944.58ms | tok/sec: 555,045 | bf16_mfu: 45.02 | epoch: 1 pq: 1 rg: 70 | total time: 2.32m | eta: 32.3m
step 00158/02205 (7.17%) | loss: 3.848494 | lrm: 1.00 | dt: 949.23ms | tok/sec: 552,330 | bf16_mfu: 44.80 | epoch: 1 pq: 1 rg: 71 | total time: 2.34m | eta: 32.3m
step 00159/02205 (7.21%) | loss: 3.846403 | lrm: 1.00 | dt: 952.38ms | tok/sec: 550,505 | bf16_mfu: 44.65 | epoch: 1 pq: 1 rg: 72 | total time: 2.35m | eta: 32.3m
step 00160/02205 (7.26%) | loss: 3.843085 | lrm: 1.00 | dt: 942.40ms | tok/sec: 556,332 | bf16_mfu: 45.12 | epoch: 1 pq: 1 rg: 73 | total time: 2.37m | eta: 32.3m
step 00161/02205 (7.30%) | loss: 3.843920 | lrm: 1.00 | dt: 948.12ms | tok/sec: 552,978 | bf16_mfu: 44.85 | epoch: 1 pq: 1 rg: 74 | total time: 2.39m | eta: 32.3m
step 00162/02205 (7.35%) | loss: 3.843087 | lrm: 1.00 | dt: 946.61ms | tok/sec: 553,859 | bf16_mfu: 44.92 | epoch: 1 pq: 1 rg: 75 | total time: 2.40m | eta: 32.3m
step 00163/02205 (7.39%) | loss: 3.845203 | lrm: 1.00 | dt: 941.40ms | tok/sec: 556,925 | bf16_mfu: 45.17 | epoch: 1 pq: 1 rg: 76 | total time: 2.42m | eta: 32.3m
step 00164/02205 (7.44%) | loss: 3.824492 | lrm: 1.00 | dt: 943.09ms | tok/sec: 555,928 | bf16_mfu: 45.09 | epoch: 1 pq: 1 rg: 77 | total time: 2.43m | eta: 32.2m
step 00165/02205 (7.48%) | loss: 3.813850 | lrm: 1.00 | dt: 943.24ms | tok/sec: 555,834 | bf16_mfu: 45.08 | epoch: 1 pq: 1 rg: 78 | total time: 2.45m | eta: 32.2m
step 00166/02205 (7.53%) | loss: 3.809545 | lrm: 1.00 | dt: 947.81ms | tok/sec: 553,156 | bf16_mfu: 44.87 | epoch: 1 pq: 1 rg: 78 | total time: 2.46m | eta: 32.2m
step 00167/02205 (7.57%) | loss: 3.800333 | lrm: 1.00 | dt: 949.98ms | tok/sec: 551,892 | bf16_mfu: 44.76 | epoch: 1 pq: 1 rg: 79 | total time: 2.48m | eta: 32.2m
step 00168/02205 (7.62%) | loss: 3.792297 | lrm: 1.00 | dt: 945.68ms | tok/sec: 554,404 | bf16_mfu: 44.97 | epoch: 1 pq: 1 rg: 80 | total time: 2.50m | eta: 32.2m
step 00169/02205 (7.66%) | loss: 3.781176 | lrm: 1.00 | dt: 945.21ms | tok/sec: 554,678 | bf16_mfu: 44.99 | epoch: 1 pq: 1 rg: 81 | total time: 2.51m | eta: 32.2m
step 00170/02205 (7.71%) | loss: 3.769145 | lrm: 1.00 | dt: 949.53ms | tok/sec: 552,157 | bf16_mfu: 44.78 | epoch: 1 pq: 1 rg: 82 | total time: 2.53m | eta: 32.1m
step 00171/02205 (7.76%) | loss: 3.771758 | lrm: 1.00 | dt: 950.66ms | tok/sec: 551,501 | bf16_mfu: 44.73 | epoch: 1 pq: 1 rg: 83 | total time: 2.54m | eta: 32.1m
step 00172/02205 (7.80%) | loss: 3.777149 | lrm: 1.00 | dt: 945.33ms | tok/sec: 554,608 | bf16_mfu: 44.98 | epoch: 1 pq: 2 rg: 0 | total time: 2.56m | eta: 32.1m
step 00173/02205 (7.85%) | loss: 3.761183 | lrm: 1.00 | dt: 945.35ms | tok/sec: 554,595 | bf16_mfu: 44.98 | epoch: 1 pq: 2 rg: 1 | total time: 2.57m | eta: 32.1m
step 00174/02205 (7.89%) | loss: 3.757382 | lrm: 1.00 | dt: 944.39ms | tok/sec: 555,157 | bf16_mfu: 45.03 | epoch: 1 pq: 2 rg: 2 | total time: 2.59m | eta: 32.1m
step 00175/02205 (7.94%) | loss: 3.744426 | lrm: 1.00 | dt: 951.04ms | tok/sec: 551,278 | bf16_mfu: 44.71 | epoch: 1 pq: 2 rg: 3 | total time: 2.61m | eta: 32.1m
step 00176/02205 (7.98%) | loss: 3.727558 | lrm: 1.00 | dt: 941.35ms | tok/sec: 556,955 | bf16_mfu: 45.17 | epoch: 1 pq: 2 rg: 4 | total time: 2.62m | eta: 32.0m
step 00177/02205 (8.03%) | loss: 3.712796 | lrm: 1.00 | dt: 946.12ms | tok/sec: 554,147 | bf16_mfu: 44.95 | epoch: 1 pq: 2 rg: 5 | total time: 2.64m | eta: 32.0m
step 00178/02205 (8.07%) | loss: 3.713147 | lrm: 1.00 | dt: 949.88ms | tok/sec: 551,952 | bf16_mfu: 44.77 | epoch: 1 pq: 2 rg: 6 | total time: 2.65m | eta: 32.0m
step 00179/02205 (8.12%) | loss: 3.712524 | lrm: 1.00 | dt: 947.90ms | tok/sec: 553,105 | bf16_mfu: 44.86 | epoch: 1 pq: 2 rg: 7 | total time: 2.67m | eta: 32.0m
step 00180/02205 (8.16%) | loss: 3.706881 | lrm: 1.00 | dt: 942.22ms | tok/sec: 556,439 | bf16_mfu: 45.13 | epoch: 1 pq: 2 rg: 8 | total time: 2.68m | eta: 32.0m
step 00181/02205 (8.21%) | loss: 3.713443 | lrm: 1.00 | dt: 940.72ms | tok/sec: 557,325 | bf16_mfu: 45.20 | epoch: 1 pq: 2 rg: 9 | total time: 2.70m | eta: 32.0m
step 00182/02205 (8.25%) | loss: 3.704666 | lrm: 1.00 | dt: 951.60ms | tok/sec: 550,954 | bf16_mfu: 44.69 | epoch: 1 pq: 2 rg: 10 | total time: 2.72m | eta: 31.9m
step 00183/02205 (8.30%) | loss: 3.694583 | lrm: 1.00 | dt: 946.63ms | tok/sec: 553,846 | bf16_mfu: 44.92 | epoch: 1 pq: 2 rg: 11 | total time: 2.73m | eta: 31.9m
step 00184/02205 (8.34%) | loss: 3.693496 | lrm: 1.00 | dt: 946.49ms | tok/sec: 553,927 | bf16_mfu: 44.93 | epoch: 1 pq: 2 rg: 12 | total time: 2.75m | eta: 31.9m
step 00185/02205 (8.39%) | loss: 3.688493 | lrm: 1.00 | dt: 940.58ms | tok/sec: 557,411 | bf16_mfu: 45.21 | epoch: 1 pq: 2 rg: 13 | total time: 2.76m | eta: 31.9m
step 00186/02205 (8.44%) | loss: 3.685082 | lrm: 1.00 | dt: 945.72ms | tok/sec: 554,382 | bf16_mfu: 44.97 | epoch: 1 pq: 2 rg: 14 | total time: 2.78m | eta: 31.9m
step 00187/02205 (8.48%) | loss: 3.677589 | lrm: 1.00 | dt: 943.84ms | tok/sec: 555,483 | bf16_mfu: 45.05 | epoch: 1 pq: 2 rg: 15 | total time: 2.79m | eta: 31.9m
step 00188/02205 (8.53%) | loss: 3.679282 | lrm: 1.00 | dt: 942.27ms | tok/sec: 556,411 | bf16_mfu: 45.13 | epoch: 1 pq: 2 rg: 16 | total time: 2.81m | eta: 31.8m
step 00189/02205 (8.57%) | loss: 3.669518 | lrm: 1.00 | dt: 948.79ms | tok/sec: 552,588 | bf16_mfu: 44.82 | epoch: 1 pq: 2 rg: 16 | total time: 2.83m | eta: 31.8m
step 00190/02205 (8.62%) | loss: 3.658185 | lrm: 1.00 | dt: 944.69ms | tok/sec: 554,983 | bf16_mfu: 45.01 | epoch: 1 pq: 2 rg: 17 | total time: 2.84m | eta: 31.8m
step 00191/02205 (8.66%) | loss: 3.649595 | lrm: 1.00 | dt: 946.38ms | tok/sec: 553,994 | bf16_mfu: 44.93 | epoch: 1 pq: 2 rg: 18 | total time: 2.86m | eta: 31.8m
step 00192/02205 (8.71%) | loss: 3.642698 | lrm: 1.00 | dt: 945.28ms | tok/sec: 554,638 | bf16_mfu: 44.99 | epoch: 1 pq: 2 rg: 19 | total time: 2.87m | eta: 31.8m
step 00193/02205 (8.75%) | loss: 3.647393 | lrm: 1.00 | dt: 945.44ms | tok/sec: 554,543 | bf16_mfu: 44.98 | epoch: 1 pq: 2 rg: 20 | total time: 2.89m | eta: 31.8m
step 00194/02205 (8.80%) | loss: 3.640609 | lrm: 1.00 | dt: 943.83ms | tok/sec: 555,488 | bf16_mfu: 45.06 | epoch: 1 pq: 2 rg: 21 | total time: 2.91m | eta: 31.8m
step 00195/02205 (8.84%) | loss: 3.648855 | lrm: 1.00 | dt: 942.97ms | tok/sec: 555,996 | bf16_mfu: 45.10 | epoch: 1 pq: 2 rg: 22 | total time: 2.92m | eta: 31.7m
step 00196/02205 (8.89%) | loss: 3.651212 | lrm: 1.00 | dt: 946.63ms | tok/sec: 553,848 | bf16_mfu: 44.92 | epoch: 1 pq: 2 rg: 23 | total time: 2.94m | eta: 31.7m
step 00197/02205 (8.93%) | loss: 3.648414 | lrm: 1.00 | dt: 941.62ms | tok/sec: 556,796 | bf16_mfu: 45.16 | epoch: 1 pq: 2 rg: 24 | total time: 2.95m | eta: 31.7m
step 00198/02205 (8.98%) | loss: 3.647003 | lrm: 1.00 | dt: 950.43ms | tok/sec: 551,631 | bf16_mfu: 44.74 | epoch: 1 pq: 2 rg: 25 | total time: 2.97m | eta: 31.7m
step 00199/02205 (9.02%) | loss: 3.645599 | lrm: 1.00 | dt: 942.62ms | tok/sec: 556,204 | bf16_mfu: 45.11 | epoch: 1 pq: 2 rg: 26 | total time: 2.98m | eta: 31.7m
step 00200/02205 (9.07%) | loss: 3.631328 | lrm: 1.00 | dt: 946.25ms | tok/sec: 554,070 | bf16_mfu: 44.94 | epoch: 1 pq: 2 rg: 27 | total time: 3.00m | eta: 31.7m
step 00201/02205 (9.12%) | loss: 3.630622 | lrm: 1.00 | dt: 946.05ms | tok/sec: 554,187 | bf16_mfu: 44.95 | epoch: 1 pq: 2 rg: 28 | total time: 3.02m | eta: 31.6m
step 00202/02205 (9.16%) | loss: 3.626729 | lrm: 1.00 | dt: 943.94ms | tok/sec: 555,426 | bf16_mfu: 45.05 | epoch: 1 pq: 2 rg: 29 | total time: 3.03m | eta: 31.6m
step 00203/02205 (9.21%) | loss: 3.620918 | lrm: 1.00 | dt: 947.25ms | tok/sec: 553,481 | bf16_mfu: 44.89 | epoch: 1 pq: 2 rg: 30 | total time: 3.05m | eta: 31.6m
step 00204/02205 (9.25%) | loss: 3.625280 | lrm: 1.00 | dt: 943.68ms | tok/sec: 555,577 | bf16_mfu: 45.06 | epoch: 1 pq: 2 rg: 31 | total time: 3.06m | eta: 31.6m
step 00205/02205 (9.30%) | loss: 3.624415 | lrm: 1.00 | dt: 941.77ms | tok/sec: 556,702 | bf16_mfu: 45.15 | epoch: 1 pq: 2 rg: 32 | total time: 3.08m | eta: 31.6m
step 00206/02205 (9.34%) | loss: 3.630025 | lrm: 1.00 | dt: 949.18ms | tok/sec: 552,359 | bf16_mfu: 44.80 | epoch: 1 pq: 2 rg: 33 | total time: 3.09m | eta: 31.6m
step 00207/02205 (9.39%) | loss: 3.625807 | lrm: 1.00 | dt: 943.32ms | tok/sec: 555,791 | bf16_mfu: 45.08 | epoch: 1 pq: 2 rg: 34 | total time: 3.11m | eta: 31.5m
step 00208/02205 (9.43%) | loss: 3.620630 | lrm: 1.00 | dt: 943.28ms | tok/sec: 555,814 | bf16_mfu: 45.08 | epoch: 1 pq: 2 rg: 35 | total time: 3.13m | eta: 31.5m
step 00209/02205 (9.48%) | loss: 3.615881 | lrm: 1.00 | dt: 950.85ms | tok/sec: 551,387 | bf16_mfu: 44.72 | epoch: 1 pq: 2 rg: 35 | total time: 3.14m | eta: 31.5m
step 00210/02205 (9.52%) | loss: 3.611424 | lrm: 1.00 | dt: 945.39ms | tok/sec: 554,570 | bf16_mfu: 44.98 | epoch: 1 pq: 2 rg: 36 | total time: 3.16m | eta: 31.5m
step 00211/02205 (9.57%) | loss: 3.620536 | lrm: 1.00 | dt: 948.26ms | tok/sec: 552,896 | bf16_mfu: 44.84 | epoch: 1 pq: 2 rg: 37 | total time: 3.17m | eta: 31.5m
step 00212/02205 (9.61%) | loss: 3.621612 | lrm: 1.00 | dt: 948.22ms | tok/sec: 552,916 | bf16_mfu: 44.85 | epoch: 1 pq: 2 rg: 38 | total time: 3.19m | eta: 31.5m
step 00213/02205 (9.66%) | loss: 3.618126 | lrm: 1.00 | dt: 945.11ms | tok/sec: 554,736 | bf16_mfu: 44.99 | epoch: 1 pq: 2 rg: 39 | total time: 3.20m | eta: 31.4m
step 00214/02205 (9.71%) | loss: 3.605776 | lrm: 1.00 | dt: 948.43ms | tok/sec: 552,794 | bf16_mfu: 44.84 | epoch: 1 pq: 2 rg: 40 | total time: 3.22m | eta: 31.4m
step 00215/02205 (9.75%) | loss: 3.607696 | lrm: 1.00 | dt: 944.88ms | tok/sec: 554,875 | bf16_mfu: 45.01 | epoch: 1 pq: 2 rg: 41 | total time: 3.24m | eta: 31.4m
step 00216/02205 (9.80%) | loss: 3.602394 | lrm: 1.00 | dt: 945.25ms | tok/sec: 554,654 | bf16_mfu: 44.99 | epoch: 1 pq: 2 rg: 42 | total time: 3.25m | eta: 31.4m
step 00217/02205 (9.84%) | loss: 3.594950 | lrm: 1.00 | dt: 942.32ms | tok/sec: 556,377 | bf16_mfu: 45.13 | epoch: 1 pq: 2 rg: 43 | total time: 3.27m | eta: 31.4m
step 00218/02205 (9.89%) | loss: 3.590778 | lrm: 1.00 | dt: 946.48ms | tok/sec: 553,932 | bf16_mfu: 44.93 | epoch: 1 pq: 2 rg: 44 | total time: 3.28m | eta: 31.4m
step 00219/02205 (9.93%) | loss: 3.589924 | lrm: 1.00 | dt: 947.99ms | tok/sec: 553,052 | bf16_mfu: 44.86 | epoch: 1 pq: 2 rg: 45 | total time: 3.30m | eta: 31.4m
step 00220/02205 (9.98%) | loss: 3.594849 | lrm: 1.00 | dt: 942.57ms | tok/sec: 556,231 | bf16_mfu: 45.12 | epoch: 1 pq: 2 rg: 46 | total time: 3.31m | eta: 31.3m
step 00221/02205 (10.02%) | loss: 3.598476 | lrm: 1.00 | dt: 941.13ms | tok/sec: 557,081 | bf16_mfu: 45.18 | epoch: 1 pq: 2 rg: 47 | total time: 3.33m | eta: 31.3m
step 00222/02205 (10.07%) | loss: 3.603527 | lrm: 1.00 | dt: 944.27ms | tok/sec: 555,229 | bf16_mfu: 45.03 | epoch: 1 pq: 2 rg: 48 | total time: 3.35m | eta: 31.3m
step 00223/02205 (10.11%) | loss: 3.607000 | lrm: 1.00 | dt: 948.93ms | tok/sec: 552,505 | bf16_mfu: 44.81 | epoch: 1 pq: 2 rg: 49 | total time: 3.36m | eta: 31.3m
step 00224/02205 (10.16%) | loss: 3.602953 | lrm: 1.00 | dt: 943.74ms | tok/sec: 555,541 | bf16_mfu: 45.06 | epoch: 1 pq: 2 rg: 50 | total time: 3.38m | eta: 31.3m
step 00225/02205 (10.20%) | loss: 3.603705 | lrm: 1.00 | dt: 945.61ms | tok/sec: 554,446 | bf16_mfu: 44.97 | epoch: 1 pq: 2 rg: 51 | total time: 3.39m | eta: 31.3m
step 00226/02205 (10.25%) | loss: 3.602564 | lrm: 1.00 | dt: 949.30ms | tok/sec: 552,287 | bf16_mfu: 44.80 | epoch: 1 pq: 2 rg: 52 | total time: 3.41m | eta: 31.2m
step 00227/02205 (10.29%) | loss: 3.591729 | lrm: 1.00 | dt: 942.74ms | tok/sec: 556,129 | bf16_mfu: 45.11 | epoch: 1 pq: 2 rg: 53 | total time: 3.43m | eta: 31.2m
step 00228/02205 (10.34%) | loss: 3.583619 | lrm: 1.00 | dt: 943.50ms | tok/sec: 555,684 | bf16_mfu: 45.07 | epoch: 1 pq: 2 rg: 54 | total time: 3.44m | eta: 31.2m
step 00229/02205 (10.39%) | loss: 3.594110 | lrm: 1.00 | dt: 941.96ms | tok/sec: 556,594 | bf16_mfu: 45.14 | epoch: 1 pq: 2 rg: 55 | total time: 3.46m | eta: 31.2m
step 00230/02205 (10.43%) | loss: 3.583901 | lrm: 1.00 | dt: 937.97ms | tok/sec: 558,957 | bf16_mfu: 45.34 | epoch: 1 pq: 2 rg: 56 | total time: 3.47m | eta: 31.2m
step 00231/02205 (10.48%) | loss: 3.585423 | lrm: 1.00 | dt: 940.88ms | tok/sec: 557,229 | bf16_mfu: 45.20 | epoch: 1 pq: 2 rg: 57 | total time: 3.49m | eta: 31.2m
step 00232/02205 (10.52%) | loss: 3.590676 | lrm: 1.00 | dt: 943.50ms | tok/sec: 555,682 | bf16_mfu: 45.07 | epoch: 1 pq: 2 rg: 57 | total time: 3.50m | eta: 31.1m
step 00233/02205 (10.57%) | loss: 3.584730 | lrm: 1.00 | dt: 941.92ms | tok/sec: 556,614 | bf16_mfu: 45.15 | epoch: 1 pq: 2 rg: 58 | total time: 3.52m | eta: 31.1m
step 00234/02205 (10.61%) | loss: 3.593756 | lrm: 1.00 | dt: 947.75ms | tok/sec: 553,193 | bf16_mfu: 44.87 | epoch: 1 pq: 2 rg: 59 | total time: 3.54m | eta: 31.1m
step 00235/02205 (10.66%) | loss: 3.585714 | lrm: 1.00 | dt: 944.11ms | tok/sec: 555,323 | bf16_mfu: 45.04 | epoch: 1 pq: 2 rg: 60 | total time: 3.55m | eta: 31.1m
step 00236/02205 (10.70%) | loss: 3.583703 | lrm: 1.00 | dt: 942.59ms | tok/sec: 556,221 | bf16_mfu: 45.11 | epoch: 1 pq: 2 rg: 61 | total time: 3.57m | eta: 31.1m
step 00237/02205 (10.75%) | loss: 3.576660 | lrm: 1.00 | dt: 938.83ms | tok/sec: 558,451 | bf16_mfu: 45.30 | epoch: 1 pq: 2 rg: 62 | total time: 3.58m | eta: 31.1m
step 00238/02205 (10.79%) | loss: 3.566696 | lrm: 1.00 | dt: 946.27ms | tok/sec: 554,055 | bf16_mfu: 44.94 | epoch: 1 pq: 2 rg: 63 | total time: 3.60m | eta: 31.0m
step 00239/02205 (10.84%) | loss: 3.541902 | lrm: 1.00 | dt: 947.36ms | tok/sec: 553,420 | bf16_mfu: 44.89 | epoch: 1 pq: 2 rg: 64 | total time: 3.61m | eta: 31.0m
step 00240/02205 (10.88%) | loss: 3.534945 | lrm: 1.00 | dt: 941.77ms | tok/sec: 556,702 | bf16_mfu: 45.15 | epoch: 1 pq: 2 rg: 65 | total time: 3.63m | eta: 31.0m
step 00241/02205 (10.93%) | loss: 3.540873 | lrm: 1.00 | dt: 942.20ms | tok/sec: 556,447 | bf16_mfu: 45.13 | epoch: 1 pq: 2 rg: 66 | total time: 3.65m | eta: 31.0m
step 00242/02205 (10.98%) | loss: 3.548585 | lrm: 1.00 | dt: 945.10ms | tok/sec: 554,740 | bf16_mfu: 44.99 | epoch: 1 pq: 2 rg: 67 | total time: 3.66m | eta: 31.0m
step 00243/02205 (11.02%) | loss: 3.553437 | lrm: 1.00 | dt: 942.46ms | tok/sec: 556,298 | bf16_mfu: 45.12 | epoch: 1 pq: 2 rg: 68 | total time: 3.68m | eta: 31.0m
step 00244/02205 (11.07%) | loss: 3.546359 | lrm: 1.00 | dt: 945.80ms | tok/sec: 554,332 | bf16_mfu: 44.96 | epoch: 1 pq: 2 rg: 69 | total time: 3.69m | eta: 30.9m
step 00245/02205 (11.11%) | loss: 3.546343 | lrm: 1.00 | dt: 946.97ms | tok/sec: 553,648 | bf16_mfu: 44.91 | epoch: 1 pq: 2 rg: 70 | total time: 3.71m | eta: 30.9m
step 00246/02205 (11.16%) | loss: 3.542221 | lrm: 1.00 | dt: 941.46ms | tok/sec: 556,885 | bf16_mfu: 45.17 | epoch: 1 pq: 2 rg: 71 | total time: 3.72m | eta: 30.9m
step 00247/02205 (11.20%) | loss: 3.534015 | lrm: 1.00 | dt: 940.36ms | tok/sec: 557,537 | bf16_mfu: 45.22 | epoch: 1 pq: 2 rg: 72 | total time: 3.74m | eta: 30.9m
step 00248/02205 (11.25%) | loss: 3.524806 | lrm: 1.00 | dt: 942.59ms | tok/sec: 556,222 | bf16_mfu: 45.11 | epoch: 1 pq: 2 rg: 73 | total time: 3.76m | eta: 30.9m
step 00249/02205 (11.29%) | loss: 3.522015 | lrm: 1.00 | dt: 951.48ms | tok/sec: 551,024 | bf16_mfu: 44.69 | epoch: 1 pq: 2 rg: 74 | total time: 3.77m | eta: 30.9m
Step 00250 | Validation bpb: 1.090215
step 00250/02205 (11.34%) | loss: 3.525301 | lrm: 1.00 | dt: 939.14ms | tok/sec: 558,263 | bf16_mfu: 45.28 | epoch: 1 pq: 2 rg: 75 | total time: 3.79m | eta: 30.8m
step 00251/02205 (11.38%) | loss: 3.526870 | lrm: 1.00 | dt: 938.01ms | tok/sec: 558,934 | bf16_mfu: 45.33 | epoch: 1 pq: 2 rg: 76 | total time: 3.80m | eta: 30.8m
step 00252/02205 (11.43%) | loss: 3.527491 | lrm: 1.00 | dt: 941.74ms | tok/sec: 556,722 | bf16_mfu: 45.16 | epoch: 1 pq: 2 rg: 77 | total time: 3.82m | eta: 30.8m
step 00253/02205 (11.47%) | loss: 3.526575 | lrm: 1.00 | dt: 941.11ms | tok/sec: 557,092 | bf16_mfu: 45.19 | epoch: 1 pq: 2 rg: 77 | total time: 3.83m | eta: 30.8m
step 00254/02205 (11.52%) | loss: 3.528137 | lrm: 1.00 | dt: 941.87ms | tok/sec: 556,644 | bf16_mfu: 45.15 | epoch: 1 pq: 2 rg: 78 | total time: 3.85m | eta: 30.8m
step 00255/02205 (11.56%) | loss: 3.533727 | lrm: 1.00 | dt: 940.57ms | tok/sec: 557,415 | bf16_mfu: 45.21 | epoch: 1 pq: 2 rg: 79 | total time: 3.87m | eta: 30.8m
step 00256/02205 (11.61%) | loss: 3.535839 | lrm: 1.00 | dt: 938.76ms | tok/sec: 558,491 | bf16_mfu: 45.30 | epoch: 1 pq: 2 rg: 80 | total time: 3.88m | eta: 30.7m
step 00257/02205 (11.66%) | loss: 3.527053 | lrm: 1.00 | dt: 945.83ms | tok/sec: 554,313 | bf16_mfu: 44.96 | epoch: 1 pq: 2 rg: 81 | total time: 3.90m | eta: 30.7m
step 00258/02205 (11.70%) | loss: 3.522492 | lrm: 1.00 | dt: 938.00ms | tok/sec: 558,942 | bf16_mfu: 45.34 | epoch: 1 pq: 2 rg: 82 | total time: 3.91m | eta: 30.7m
step 00259/02205 (11.75%) | loss: 3.519471 | lrm: 1.00 | dt: 941.43ms | tok/sec: 556,908 | bf16_mfu: 45.17 | epoch: 1 pq: 3 rg: 0 | total time: 3.93m | eta: 30.7m
step 00260/02205 (11.79%) | loss: 3.512015 | lrm: 1.00 | dt: 939.88ms | tok/sec: 557,822 | bf16_mfu: 45.24 | epoch: 1 pq: 3 rg: 1 | total time: 3.94m | eta: 30.7m
step 00261/02205 (11.84%) | loss: 3.499412 | lrm: 1.00 | dt: 936.62ms | tok/sec: 559,767 | bf16_mfu: 45.40 | epoch: 1 pq: 3 rg: 2 | total time: 3.96m | eta: 30.7m
step 00262/02205 (11.88%) | loss: 3.492773 | lrm: 1.00 | dt: 941.58ms | tok/sec: 556,815 | bf16_mfu: 45.16 | epoch: 1 pq: 3 rg: 3 | total time: 3.97m | eta: 30.6m
step 00263/02205 (11.93%) | loss: 3.499821 | lrm: 1.00 | dt: 938.80ms | tok/sec: 558,467 | bf16_mfu: 45.30 | epoch: 1 pq: 3 rg: 4 | total time: 3.99m | eta: 30.6m
step 00264/02205 (11.97%) | loss: 3.498838 | lrm: 1.00 | dt: 937.76ms | tok/sec: 559,083 | bf16_mfu: 45.35 | epoch: 1 pq: 3 rg: 5 | total time: 4.01m | eta: 30.6m
step 00265/02205 (12.02%) | loss: 3.491560 | lrm: 1.00 | dt: 941.59ms | tok/sec: 556,814 | bf16_mfu: 45.16 | epoch: 1 pq: 3 rg: 6 | total time: 4.02m | eta: 30.6m
step 00266/02205 (12.06%) | loss: 3.490214 | lrm: 1.00 | dt: 939.08ms | tok/sec: 558,298 | bf16_mfu: 45.28 | epoch: 1 pq: 3 rg: 7 | total time: 4.04m | eta: 30.6m
step 00267/02205 (12.11%) | loss: 3.483329 | lrm: 1.00 | dt: 939.03ms | tok/sec: 558,328 | bf16_mfu: 45.29 | epoch: 1 pq: 3 rg: 8 | total time: 4.05m | eta: 30.6m
step 00268/02205 (12.15%) | loss: 3.479184 | lrm: 1.00 | dt: 938.25ms | tok/sec: 558,792 | bf16_mfu: 45.32 | epoch: 1 pq: 3 rg: 9 | total time: 4.07m | eta: 30.5m
step 00269/02205 (12.20%) | loss: 3.479502 | lrm: 1.00 | dt: 940.06ms | tok/sec: 557,716 | bf16_mfu: 45.24 | epoch: 1 pq: 3 rg: 10 | total time: 4.08m | eta: 30.5m
step 00270/02205 (12.24%) | loss: 3.481628 | lrm: 1.00 | dt: 939.91ms | tok/sec: 557,806 | bf16_mfu: 45.24 | epoch: 1 pq: 3 rg: 11 | total time: 4.10m | eta: 30.5m
step 00271/02205 (12.29%) | loss: 3.479199 | lrm: 1.00 | dt: 940.18ms | tok/sec: 557,645 | bf16_mfu: 45.23 | epoch: 1 pq: 3 rg: 11 | total time: 4.12m | eta: 30.5m
step 00272/02205 (12.34%) | loss: 3.481148 | lrm: 1.00 | dt: 957.22ms | tok/sec: 547,716 | bf16_mfu: 44.42 | epoch: 1 pq: 3 rg: 12 | total time: 4.13m | eta: 30.5m
step 00273/02205 (12.38%) | loss: 3.483533 | lrm: 1.00 | dt: 942.49ms | tok/sec: 556,280 | bf16_mfu: 45.12 | epoch: 1 pq: 3 rg: 13 | total time: 4.15m | eta: 30.5m
step 00274/02205 (12.43%) | loss: 3.484455 | lrm: 1.00 | dt: 941.09ms | tok/sec: 557,104 | bf16_mfu: 45.19 | epoch: 1 pq: 3 rg: 14 | total time: 4.16m | eta: 30.5m
step 00275/02205 (12.47%) | loss: 3.484801 | lrm: 1.00 | dt: 940.52ms | tok/sec: 557,446 | bf16_mfu: 45.21 | epoch: 1 pq: 3 rg: 15 | total time: 4.18m | eta: 30.4m
step 00276/02205 (12.52%) | loss: 3.479212 | lrm: 1.00 | dt: 940.51ms | tok/sec: 557,453 | bf16_mfu: 45.21 | epoch: 1 pq: 3 rg: 16 | total time: 4.19m | eta: 30.4m
step 00277/02205 (12.56%) | loss: 3.483175 | lrm: 1.00 | dt: 942.25ms | tok/sec: 556,418 | bf16_mfu: 45.13 | epoch: 1 pq: 3 rg: 17 | total time: 4.21m | eta: 30.4m
step 00278/02205 (12.61%) | loss: 3.476707 | lrm: 1.00 | dt: 939.12ms | tok/sec: 558,278 | bf16_mfu: 45.28 | epoch: 1 pq: 3 rg: 18 | total time: 4.23m | eta: 30.4m
step 00279/02205 (12.65%) | loss: 3.488885 | lrm: 1.00 | dt: 938.40ms | tok/sec: 558,705 | bf16_mfu: 45.32 | epoch: 1 pq: 3 rg: 19 | total time: 4.24m | eta: 30.4m
step 00280/02205 (12.70%) | loss: 3.488106 | lrm: 1.00 | dt: 942.78ms | tok/sec: 556,107 | bf16_mfu: 45.11 | epoch: 1 pq: 3 rg: 20 | total time: 4.26m | eta: 30.4m
step 00281/02205 (12.74%) | loss: 3.483765 | lrm: 1.00 | dt: 938.67ms | tok/sec: 558,545 | bf16_mfu: 45.30 | epoch: 1 pq: 3 rg: 21 | total time: 4.27m | eta: 30.3m
step 00282/02205 (12.79%) | loss: 3.485884 | lrm: 1.00 | dt: 939.06ms | tok/sec: 558,314 | bf16_mfu: 45.28 | epoch: 1 pq: 3 rg: 22 | total time: 4.29m | eta: 30.3m
step 00283/02205 (12.83%) | loss: 3.484699 | lrm: 1.00 | dt: 941.42ms | tok/sec: 556,913 | bf16_mfu: 45.17 | epoch: 1 pq: 3 rg: 23 | total time: 4.30m | eta: 30.3m
step 00284/02205 (12.88%) | loss: 3.487789 | lrm: 1.00 | dt: 944.79ms | tok/sec: 554,925 | bf16_mfu: 45.01 | epoch: 1 pq: 3 rg: 24 | total time: 4.32m | eta: 30.3m
step 00285/02205 (12.93%) | loss: 3.495177 | lrm: 1.00 | dt: 936.19ms | tok/sec: 560,023 | bf16_mfu: 45.42 | epoch: 1 pq: 3 rg: 25 | total time: 4.34m | eta: 30.3m
step 00286/02205 (12.97%) | loss: 3.480684 | lrm: 1.00 | dt: 940.20ms | tok/sec: 557,633 | bf16_mfu: 45.23 | epoch: 1 pq: 3 rg: 26 | total time: 4.35m | eta: 30.3m
step 00287/02205 (13.02%) | loss: 3.486114 | lrm: 1.00 | dt: 943.46ms | tok/sec: 555,709 | bf16_mfu: 45.07 | epoch: 1 pq: 3 rg: 27 | total time: 4.37m | eta: 30.2m
step 00288/02205 (13.06%) | loss: 3.480212 | lrm: 1.00 | dt: 937.96ms | tok/sec: 558,966 | bf16_mfu: 45.34 | epoch: 1 pq: 3 rg: 28 | total time: 4.38m | eta: 30.2m
step 00289/02205 (13.11%) | loss: 3.479249 | lrm: 1.00 | dt: 939.52ms | tok/sec: 558,036 | bf16_mfu: 45.26 | epoch: 1 pq: 3 rg: 29 | total time: 4.40m | eta: 30.2m
step 00290/02205 (13.15%) | loss: 3.480898 | lrm: 1.00 | dt: 939.88ms | tok/sec: 557,823 | bf16_mfu: 45.24 | epoch: 1 pq: 3 rg: 30 | total time: 4.41m | eta: 30.2m
step 00291/02205 (13.20%) | loss: 3.468264 | lrm: 1.00 | dt: 936.19ms | tok/sec: 560,021 | bf16_mfu: 45.42 | epoch: 1 pq: 3 rg: 31 | total time: 4.43m | eta: 30.2m
step 00292/02205 (13.24%) | loss: 3.472869 | lrm: 1.00 | dt: 939.58ms | tok/sec: 558,004 | bf16_mfu: 45.26 | epoch: 1 pq: 3 rg: 32 | total time: 4.45m | eta: 30.2m
step 00293/02205 (13.29%) | loss: 3.462853 | lrm: 1.00 | dt: 945.04ms | tok/sec: 554,776 | bf16_mfu: 45.00 | epoch: 1 pq: 3 rg: 33 | total time: 4.46m | eta: 30.1m
step 00294/02205 (13.33%) | loss: 3.457627 | lrm: 1.00 | dt: 941.15ms | tok/sec: 557,073 | bf16_mfu: 45.18 | epoch: 1 pq: 3 rg: 33 | total time: 4.48m | eta: 30.1m
step 00295/02205 (13.38%) | loss: 3.458405 | lrm: 1.00 | dt: 939.08ms | tok/sec: 558,298 | bf16_mfu: 45.28 | epoch: 1 pq: 3 rg: 34 | total time: 4.49m | eta: 30.1m
step 00296/02205 (13.42%) | loss: 3.461001 | lrm: 1.00 | dt: 942.87ms | tok/sec: 556,057 | bf16_mfu: 45.10 | epoch: 1 pq: 3 rg: 35 | total time: 4.51m | eta: 30.1m
step 00297/02205 (13.47%) | loss: 3.462884 | lrm: 1.00 | dt: 944.38ms | tok/sec: 555,167 | bf16_mfu: 45.03 | epoch: 1 pq: 3 rg: 36 | total time: 4.52m | eta: 30.1m
step 00298/02205 (13.51%) | loss: 3.456460 | lrm: 1.00 | dt: 943.44ms | tok/sec: 555,720 | bf16_mfu: 45.07 | epoch: 1 pq: 3 rg: 37 | total time: 4.54m | eta: 30.1m
step 00299/02205 (13.56%) | loss: 3.445649 | lrm: 1.00 | dt: 943.00ms | tok/sec: 555,981 | bf16_mfu: 45.10 | epoch: 1 pq: 3 rg: 38 | total time: 4.56m | eta: 30.0m
step 00300/02205 (13.61%) | loss: 3.440345 | lrm: 1.00 | dt: 942.30ms | tok/sec: 556,391 | bf16_mfu: 45.13 | epoch: 1 pq: 3 rg: 39 | total time: 4.57m | eta: 30.0m
step 00301/02205 (13.65%) | loss: 3.445190 | lrm: 1.00 | dt: 941.90ms | tok/sec: 556,625 | bf16_mfu: 45.15 | epoch: 1 pq: 3 rg: 40 | total time: 4.59m | eta: 30.0m
step 00302/02205 (13.70%) | loss: 3.441136 | lrm: 1.00 | dt: 942.17ms | tok/sec: 556,469 | bf16_mfu: 45.13 | epoch: 1 pq: 3 rg: 41 | total time: 4.60m | eta: 30.0m
step 00303/02205 (13.74%) | loss: 3.435081 | lrm: 1.00 | dt: 939.17ms | tok/sec: 558,247 | bf16_mfu: 45.28 | epoch: 1 pq: 3 rg: 42 | total time: 4.62m | eta: 30.0m
step 00304/02205 (13.79%) | loss: 3.428374 | lrm: 1.00 | dt: 937.75ms | tok/sec: 559,093 | bf16_mfu: 45.35 | epoch: 1 pq: 3 rg: 43 | total time: 4.63m | eta: 30.0m
step 00305/02205 (13.83%) | loss: 3.434515 | lrm: 1.00 | dt: 937.53ms | tok/sec: 559,221 | bf16_mfu: 45.36 | epoch: 1 pq: 3 rg: 44 | total time: 4.65m | eta: 29.9m
step 00306/02205 (13.88%) | loss: 3.438040 | lrm: 1.00 | dt: 940.21ms | tok/sec: 557,630 | bf16_mfu: 45.23 | epoch: 1 pq: 3 rg: 45 | total time: 4.66m | eta: 29.9m
step 00307/02205 (13.92%) | loss: 3.424881 | lrm: 1.00 | dt: 940.79ms | tok/sec: 557,285 | bf16_mfu: 45.20 | epoch: 1 pq: 3 rg: 46 | total time: 4.68m | eta: 29.9m
step 00308/02205 (13.97%) | loss: 3.428346 | lrm: 1.00 | dt: 937.83ms | tok/sec: 559,045 | bf16_mfu: 45.34 | epoch: 1 pq: 3 rg: 47 | total time: 4.70m | eta: 29.9m
step 00309/02205 (14.01%) | loss: 3.418196 | lrm: 1.00 | dt: 939.22ms | tok/sec: 558,218 | bf16_mfu: 45.28 | epoch: 1 pq: 3 rg: 48 | total time: 4.71m | eta: 29.9m
step 00310/02205 (14.06%) | loss: 3.420063 | lrm: 1.00 | dt: 942.85ms | tok/sec: 556,068 | bf16_mfu: 45.10 | epoch: 1 pq: 3 rg: 49 | total time: 4.73m | eta: 29.9m
step 00311/02205 (14.10%) | loss: 3.424772 | lrm: 1.00 | dt: 940.77ms | tok/sec: 557,298 | bf16_mfu: 45.20 | epoch: 1 pq: 3 rg: 50 | total time: 4.74m | eta: 29.8m
step 00312/02205 (14.15%) | loss: 3.422557 | lrm: 1.00 | dt: 942.34ms | tok/sec: 556,368 | bf16_mfu: 45.13 | epoch: 1 pq: 3 rg: 51 | total time: 4.76m | eta: 29.8m
step 00313/02205 (14.20%) | loss: 3.426063 | lrm: 1.00 | dt: 944.44ms | tok/sec: 555,131 | bf16_mfu: 45.03 | epoch: 1 pq: 3 rg: 52 | total time: 4.77m | eta: 29.8m
step 00314/02205 (14.24%) | loss: 3.430626 | lrm: 1.00 | dt: 939.69ms | tok/sec: 557,939 | bf16_mfu: 45.25 | epoch: 1 pq: 3 rg: 53 | total time: 4.79m | eta: 29.8m
step 00315/02205 (14.29%) | loss: 3.439739 | lrm: 1.00 | dt: 946.52ms | tok/sec: 553,908 | bf16_mfu: 44.93 | epoch: 1 pq: 3 rg: 53 | total time: 4.81m | eta: 29.8m
step 00316/02205 (14.33%) | loss: 3.434250 | lrm: 1.00 | dt: 940.89ms | tok/sec: 557,226 | bf16_mfu: 45.20 | epoch: 1 pq: 3 rg: 54 | total time: 4.82m | eta: 29.8m
step 00317/02205 (14.38%) | loss: 3.438475 | lrm: 1.00 | dt: 943.46ms | tok/sec: 555,705 | bf16_mfu: 45.07 | epoch: 1 pq: 3 rg: 55 | total time: 4.84m | eta: 29.7m
step 00318/02205 (14.42%) | loss: 3.440764 | lrm: 1.00 | dt: 940.47ms | tok/sec: 557,472 | bf16_mfu: 45.22 | epoch: 1 pq: 3 rg: 56 | total time: 4.85m | eta: 29.7m
step 00319/02205 (14.47%) | loss: 3.436654 | lrm: 1.00 | dt: 941.16ms | tok/sec: 557,067 | bf16_mfu: 45.18 | epoch: 1 pq: 3 rg: 57 | total time: 4.87m | eta: 29.7m
step 00320/02205 (14.51%) | loss: 3.445215 | lrm: 1.00 | dt: 939.50ms | tok/sec: 558,050 | bf16_mfu: 45.26 | epoch: 1 pq: 3 rg: 58 | total time: 4.88m | eta: 29.7m
step 00321/02205 (14.56%) | loss: 3.436969 | lrm: 1.00 | dt: 941.59ms | tok/sec: 556,810 | bf16_mfu: 45.16 | epoch: 1 pq: 3 rg: 59 | total time: 4.90m | eta: 29.7m
step 00322/02205 (14.60%) | loss: 3.433109 | lrm: 1.00 | dt: 948.19ms | tok/sec: 552,934 | bf16_mfu: 44.85 | epoch: 1 pq: 3 rg: 60 | total time: 4.92m | eta: 29.7m
step 00323/02205 (14.65%) | loss: 3.419020 | lrm: 1.00 | dt: 940.51ms | tok/sec: 557,447 | bf16_mfu: 45.21 | epoch: 1 pq: 3 rg: 61 | total time: 4.93m | eta: 29.7m
step 00324/02205 (14.69%) | loss: 3.418631 | lrm: 1.00 | dt: 946.88ms | tok/sec: 553,700 | bf16_mfu: 44.91 | epoch: 1 pq: 3 rg: 62 | total time: 4.95m | eta: 29.6m
step 00325/02205 (14.74%) | loss: 3.407868 | lrm: 1.00 | dt: 937.22ms | tok/sec: 559,405 | bf16_mfu: 45.37 | epoch: 1 pq: 3 rg: 63 | total time: 4.96m | eta: 29.6m
step 00326/02205 (14.78%) | loss: 3.410391 | lrm: 1.00 | dt: 942.34ms | tok/sec: 556,367 | bf16_mfu: 45.13 | epoch: 1 pq: 3 rg: 64 | total time: 4.98m | eta: 29.6m
step 00327/02205 (14.83%) | loss: 3.410526 | lrm: 1.00 | dt: 947.44ms | tok/sec: 553,374 | bf16_mfu: 44.88 | epoch: 1 pq: 3 rg: 65 | total time: 4.99m | eta: 29.6m
step 00328/02205 (14.88%) | loss: 3.410860 | lrm: 1.00 | dt: 939.01ms | tok/sec: 558,340 | bf16_mfu: 45.29 | epoch: 1 pq: 3 rg: 66 | total time: 5.01m | eta: 29.6m
step 00329/02205 (14.92%) | loss: 3.412294 | lrm: 1.00 | dt: 936.59ms | tok/sec: 559,781 | bf16_mfu: 45.40 | epoch: 1 pq: 3 rg: 67 | total time: 5.03m | eta: 29.6m
step 00330/02205 (14.97%) | loss: 3.412467 | lrm: 1.00 | dt: 940.28ms | tok/sec: 557,588 | bf16_mfu: 45.23 | epoch: 1 pq: 3 rg: 68 | total time: 5.04m | eta: 29.5m
step 00331/02205 (15.01%) | loss: 3.409622 | lrm: 1.00 | dt: 937.75ms | tok/sec: 559,091 | bf16_mfu: 45.35 | epoch: 1 pq: 3 rg: 69 | total time: 5.06m | eta: 29.5m
step 00332/02205 (15.06%) | loss: 3.412453 | lrm: 1.00 | dt: 937.72ms | tok/sec: 559,109 | bf16_mfu: 45.35 | epoch: 1 pq: 3 rg: 70 | total time: 5.07m | eta: 29.5m
step 00333/02205 (15.10%) | loss: 3.411894 | lrm: 1.00 | dt: 940.80ms | tok/sec: 557,277 | bf16_mfu: 45.20 | epoch: 1 pq: 3 rg: 70 | total time: 5.09m | eta: 29.5m
step 00334/02205 (15.15%) | loss: 3.417463 | lrm: 1.00 | dt: 942.52ms | tok/sec: 556,264 | bf16_mfu: 45.12 | epoch: 1 pq: 3 rg: 71 | total time: 5.10m | eta: 29.5m
step 00335/02205 (15.19%) | loss: 3.413593 | lrm: 1.00 | dt: 937.29ms | tok/sec: 559,365 | bf16_mfu: 45.37 | epoch: 1 pq: 3 rg: 72 | total time: 5.12m | eta: 29.5m
step 00336/02205 (15.24%) | loss: 3.412240 | lrm: 1.00 | dt: 941.72ms | tok/sec: 556,735 | bf16_mfu: 45.16 | epoch: 1 pq: 3 rg: 73 | total time: 5.14m | eta: 29.4m
step 00337/02205 (15.28%) | loss: 3.418297 | lrm: 1.00 | dt: 941.39ms | tok/sec: 556,931 | bf16_mfu: 45.17 | epoch: 1 pq: 3 rg: 74 | total time: 5.15m | eta: 29.4m
step 00338/02205 (15.33%) | loss: 3.415236 | lrm: 1.00 | dt: 939.50ms | tok/sec: 558,051 | bf16_mfu: 45.26 | epoch: 1 pq: 3 rg: 75 | total time: 5.17m | eta: 29.4m
step 00339/02205 (15.37%) | loss: 3.409420 | lrm: 1.00 | dt: 942.06ms | tok/sec: 556,531 | bf16_mfu: 45.14 | epoch: 1 pq: 3 rg: 76 | total time: 5.18m | eta: 29.4m
step 00340/02205 (15.42%) | loss: 3.400916 | lrm: 1.00 | dt: 941.69ms | tok/sec: 556,752 | bf16_mfu: 45.16 | epoch: 1 pq: 3 rg: 77 | total time: 5.20m | eta: 29.4m
