========================================
Node: d4052
GPU: NVIDIA H200 
Chunk: 1
Start: 2026-03-04 17:31:13
========================================

Features in this chunk:
item15_backout	--use-backout
item16a_smear	--use-smear
item16b_attn_gate	--use-attn-gate
item18a_half_trunc_rope	--use-half-truncated-rope

========================================
 Running BASELINE on d4052
========================================
Using local overrides from: /projects/Sontag_Lab_Storage/nanochat/attempts/ablation
============================================================
 Ablation: chunk_1_baseline
 Depth:    12
 GPUs:     1
 Output:   /projects/Sontag_Lab_Storage/nanochat/attempts/ablation/ablations/chunk_1_baseline
 Extra:    <none>
============================================================
