========================================
Node: d1028
GPU: NVIDIA A100-SXM4-80GB 
Chunk: 1
Start: 2026-03-04 17:19:06
========================================

Features in this chunk:
item15_backout	--use-backout
item16a_smear	--use-smear
item16b_attn_gate	--use-attn-gate
item18a_half_trunc_rope	--use-half-truncated-rope

========================================
 Running BASELINE on d1028
========================================
Using local overrides from: /projects/Sontag_Lab_Storage/nanochat/attempts/ablation
============================================================
 Ablation: chunk_1_baseline
 Depth:    12
 GPUs:     1
 Output:   /projects/Sontag_Lab_Storage/nanochat/attempts/ablation/ablations/chunk_1_baseline
 Extra:    <none>
============================================================
Downloading 9 shards using 4 workers...
Target directory: /projects/Sontag_Lab_Storage/.cache/nanochat/base_data_climbmix

Skipping /projects/Sontag_Lab_Storage/.cache/nanochat/base_data_climbmix/shard_00002.parquet (already exists)
Skipping /projects/Sontag_Lab_Storage/.cache/nanochat/base_data_climbmix/shard_00006.parquet (already exists)
Skipping /projects/Sontag_Lab_Storage/.cache/nanochat/base_data_climbmix/shard_00003.parquet (already exists)
Done! Downloaded: 9/9 shards to /projects/Sontag_Lab_Storage/.cache/nanochat/base_data_climbmix

                                                       █████                █████
                                                      ░░███                ░░███
     ████████    ██████   ████████    ██████   ██████  ░███████    ██████  ███████
    ░░███░░███  ░░░░░███ ░░███░░███  ███░░███ ███░░███ ░███░░███  ░░░░░███░░░███░
     ░███ ░███   ███████  ░███ ░███ ░███ ░███░███ ░░░  ░███ ░███   ███████  ░███
     ░███ ░███  ███░░███  ░███ ░███ ░███ ░███░███  ███ ░███ ░███  ███░░███  ░███ ███
     ████ █████░░████████ ████ █████░░██████ ░░██████  ████ █████░░███████  ░░█████
    ░░░░ ░░░░░  ░░░░░░░░ ░░░░ ░░░░░  ░░░░░░   ░░░░░░  ░░░░ ░░░░░  ░░░░░░░░   ░░░░░
    
Autodetected device type: cuda
2026-03-04 17:19:18,210 - nanochat.common - [32m[1mINFO[0m - Distributed world size: 1
GPU: NVIDIA A100-SXM4-80GB | Peak FLOPS (BF16): 3.12e+14
!!!!!!!!!!!!!!!!!!!!!!!!!!!!!!!!!!!!!!!!!!!!!!!!!!!!!!!!!!!!!!!!!!!!!!!!!!!!!!!!
WARNING: Flash Attention 3 not available, using PyTorch SDPA fallback
WARNING: Training will be less efficient without FA3
WARNING: SDPA has no support for sliding window attention (window_pattern='SSSL'). Your GPU utilization will be terrible.
WARNING: Recommend using --window-pattern L for full context attention without alternating sliding window patterns.
!!!!!!!!!!!!!!!!!!!!!!!!!!!!!!!!!!!!!!!!!!!!!!!!!!!!!!!!!!!!!!!!!!!!!!!!!!!!!!!!
Vocab size: 32,768
[rank0]: Traceback (most recent call last):
[rank0]:   File "/home/d.jatkar/.local/share/uv/python/cpython-3.10-linux-x86_64-gnu/lib/python3.10/runpy.py", line 196, in _run_module_as_main
[rank0]:     return _run_code(code, main_globals, None,
[rank0]:   File "/home/d.jatkar/.local/share/uv/python/cpython-3.10-linux-x86_64-gnu/lib/python3.10/runpy.py", line 86, in _run_code
[rank0]:     exec(code, run_globals)
[rank0]:   File "/projects/Sontag_Lab_Storage/nanochat/attempts/ablation/scripts/base_train.py", line 202, in <module>
[rank0]:     model = build_model_meta(args.depth) # 1) Build on meta device (only shapes/dtypes, no data)
[rank0]:   File "/projects/Sontag_Lab_Storage/nanochat/attempts/ablation/scripts/base_train.py", line 178, in build_model_meta
[rank0]:     config = GPTConfig(
[rank0]: TypeError: GPTConfig.__init__() got an unexpected keyword argument 'use_chunk_rope'
[rank0]:[W304 17:19:18.933099072 ProcessGroupNCCL.cpp:1524] Warning: WARNING: destroy_process_group() was not called before program exit, which can leak resources. For more info, please see https://pytorch.org/docs/stable/distributed.html#shutdown (function operator())
E0304 17:19:19.927000 772326 .venv/lib/python3.10/site-packages/torch/distributed/elastic/multiprocessing/api.py:882] failed (exitcode: 1) local_rank: 0 (pid: 772491) of binary: /projects/Sontag_Lab_Storage/nanochat/.venv/bin/python3
Traceback (most recent call last):
  File "/projects/Sontag_Lab_Storage/nanochat/.venv/bin/torchrun", line 10, in <module>
    sys.exit(main())
  File "/projects/Sontag_Lab_Storage/nanochat/.venv/lib/python3.10/site-packages/torch/distributed/elastic/multiprocessing/errors/__init__.py", line 357, in wrapper
    return f(*args, **kwargs)
  File "/projects/Sontag_Lab_Storage/nanochat/.venv/lib/python3.10/site-packages/torch/distributed/run.py", line 936, in main
    run(args)
  File "/projects/Sontag_Lab_Storage/nanochat/.venv/lib/python3.10/site-packages/torch/distributed/run.py", line 927, in run
    elastic_launch(
  File "/projects/Sontag_Lab_Storage/nanochat/.venv/lib/python3.10/site-packages/torch/distributed/launcher/api.py", line 156, in __call__
    return launch_agent(self._config, self._entrypoint, list(args))
  File "/projects/Sontag_Lab_Storage/nanochat/.venv/lib/python3.10/site-packages/torch/distributed/launcher/api.py", line 293, in launch_agent
    raise ChildFailedError(
torch.distributed.elastic.multiprocessing.errors.ChildFailedError: 
============================================================
scripts.base_train FAILED
------------------------------------------------------------
Failures:
  <NO_OTHER_FAILURES>
------------------------------------------------------------
Root Cause (first observed failure):
[0]:
  time      : 2026-03-04_17:19:19
  host      : d1028
  rank      : 0 (local_rank: 0)
  exitcode  : 1 (pid: 772491)
  error_file: <N/A>
  traceback : To enable traceback see: https://pytorch.org/docs/stable/elastic/errors.html
============================================================
